2022-02-11 00:05:38,669 DEBUG dLog [http-nio-8080-exec-1] Class: class com.revature.thevault.presentation.controller.AccountController
Method: getAccount
Arguments: [GetAccountRequestSingle(accountId=1)]
2022-02-11 00:05:38,686 DEBUG dLog [http-nio-8080-exec-1] Class: class com.revature.thevault.service.classes.AccountService
Method: getAccount
Arguments: [GetAccountRequestSingle(accountId=1)]
2022-02-11 00:05:38,749 INFO dLog [http-nio-8080-exec-1] RETURNING: GetResponse(gotObject=[AccountEntity(pk_account_id=1, loginCredentials=LoginCredentialEntity(pk_user_id=1, username=username1, password=password1), accountTypeEntity=AccountTypeEntity(pk_account_type_id=1, name=Checking), available_balance=100, pending_balance=130)])
2022-02-11 00:05:38,749 INFO dLog [http-nio-8080-exec-1] RETURNING: GetResponse(gotObject=[AccountEntity(pk_account_id=1, loginCredentials=LoginCredentialEntity(pk_user_id=1, username=username1, password=password1), accountTypeEntity=AccountTypeEntity(pk_account_type_id=1, name=Checking), available_balance=100, pending_balance=130)])
2022-02-11 00:08:37,629 DEBUG dLog [http-nio-8080-exec-1] Class: class com.revature.thevault.presentation.controller.AccountController
Method: getAccount
Arguments: [GetAccountRequestSingle(accountId=1)]
2022-02-11 00:08:37,640 DEBUG dLog [http-nio-8080-exec-1] Class: class com.revature.thevault.service.classes.AccountService
Method: getAccount
Arguments: [GetAccountRequestSingle(accountId=1)]
2022-02-11 00:08:37,704 INFO dLog [http-nio-8080-exec-1] RETURNING: GetResponse(gotObject=AccountEntity(pk_account_id=1, loginCredentials=LoginCredentialEntity(pk_user_id=1, username=username1, password=password1), accountTypeEntity=AccountTypeEntity(pk_account_type_id=1, name=Checking), available_balance=100, pending_balance=130))
2022-02-11 00:08:37,704 INFO dLog [http-nio-8080-exec-1] RETURNING: GetResponse(gotObject=AccountEntity(pk_account_id=1, loginCredentials=LoginCredentialEntity(pk_user_id=1, username=username1, password=password1), accountTypeEntity=AccountTypeEntity(pk_account_type_id=1, name=Checking), available_balance=100, pending_balance=130))
2022-02-11 00:09:16,591 DEBUG dLog [http-nio-8080-exec-1] Class: class com.revature.thevault.presentation.controller.AccountController
Method: getAccount
Arguments: [GetAccountRequestSingle(accountId=1)]
2022-02-11 00:09:16,601 DEBUG dLog [http-nio-8080-exec-1] Class: class com.revature.thevault.service.classes.AccountService
Method: getAccount
Arguments: [GetAccountRequestSingle(accountId=1)]
2022-02-11 00:09:16,661 INFO dLog [http-nio-8080-exec-1] RETURNING: GetResponse(gotObject=AccountEntity(pk_account_id=1, loginCredentials=LoginCredentialEntity(pk_user_id=1, username=username1, password=password1), accountTypeEntity=AccountTypeEntity(pk_account_type_id=1, name=Checking), available_balance=100, pending_balance=130))
2022-02-11 00:09:16,662 INFO dLog [http-nio-8080-exec-1] RETURNING: GetResponse(gotObject=AccountEntity(pk_account_id=1, loginCredentials=LoginCredentialEntity(pk_user_id=1, username=username1, password=password1), accountTypeEntity=AccountTypeEntity(pk_account_type_id=1, name=Checking), available_balance=100, pending_balance=130))
2022-02-11 00:11:07,366 DEBUG dLog [http-nio-8080-exec-2] Class: class com.revature.thevault.presentation.controller.AccountController
Method: getAccount
Arguments: [GetAccountRequestSingle(accountId=1)]
2022-02-11 00:11:07,377 DEBUG dLog [http-nio-8080-exec-2] Class: class com.revature.thevault.service.classes.AccountService
Method: getAccount
Arguments: [GetAccountRequestSingle(accountId=1)]
2022-02-11 00:11:07,442 INFO dLog [http-nio-8080-exec-2] RETURNING: GetResponse(gotObject=AccountEntity(pk_account_id=1, loginCredentials=LoginCredentialEntity(pk_user_id=1, username=username1, password=password1), accountTypeEntity=AccountTypeEntity(pk_account_type_id=1, name=Checking), available_balance=100, pending_balance=130))
2022-02-11 00:11:07,443 INFO dLog [http-nio-8080-exec-2] RETURNING: GetResponse(gotObject=AccountEntity(pk_account_id=1, loginCredentials=LoginCredentialEntity(pk_user_id=1, username=username1, password=password1), accountTypeEntity=AccountTypeEntity(pk_account_type_id=1, name=Checking), available_balance=100, pending_balance=130))
2022-02-11 00:51:27,759 DEBUG dLog [http-nio-8080-exec-1] Class: class com.revature.thevault.presentation.controller.AccountController
Method: getAccount
Arguments: [GetAccountRequestSingle(accountId=1)]
2022-02-11 00:51:27,768 DEBUG dLog [http-nio-8080-exec-1] Class: class com.revature.thevault.service.classes.AccountService
Method: getAccount
Arguments: [GetAccountRequestSingle(accountId=1)]
2022-02-11 00:51:27,825 INFO dLog [http-nio-8080-exec-1] RETURNING: GetResponse(gotObject=AccountEntity(pk_account_id=1, loginCredentials=LoginCredentialEntity(pk_user_id=1, username=username1, password=password1), accountTypeEntity=AccountTypeEntity(pk_account_type_id=1, name=Checking), available_balance=100, pending_balance=130))
2022-02-11 00:51:27,825 INFO dLog [http-nio-8080-exec-1] RETURNING: GetResponse(gotObject=AccountEntity(pk_account_id=1, loginCredentials=LoginCredentialEntity(pk_user_id=1, username=username1, password=password1), accountTypeEntity=AccountTypeEntity(pk_account_type_id=1, name=Checking), available_balance=100, pending_balance=130))
2022-02-11 00:54:06,034 DEBUG dLog [http-nio-8080-exec-1] Class: class com.revature.thevault.presentation.controller.AccountController
Method: getAccount
Arguments: [GetAccountRequestSingle(accountId=1)]
2022-02-11 00:54:06,043 DEBUG dLog [http-nio-8080-exec-1] Class: class com.revature.thevault.service.classes.AccountService
Method: getAccount
Arguments: [GetAccountRequestSingle(accountId=1)]
2022-02-11 00:54:06,108 INFO dLog [http-nio-8080-exec-1] RETURNING: GetResponse(gotObject=AccountEntity(pk_account_id=1, loginCredentials=LoginCredentialEntity(pk_user_id=1, username=username1, password=password1), accountTypeEntity=AccountTypeEntity(pk_account_type_id=1, name=Checking), available_balance=100, pending_balance=130))
2022-02-11 00:54:06,108 INFO dLog [http-nio-8080-exec-1] RETURNING: GetResponse(gotObject=AccountEntity(pk_account_id=1, loginCredentials=LoginCredentialEntity(pk_user_id=1, username=username1, password=password1), accountTypeEntity=AccountTypeEntity(pk_account_type_id=1, name=Checking), available_balance=100, pending_balance=130))
2022-02-11 00:59:46,349 DEBUG dLog [http-nio-8080-exec-1] Class: class com.revature.thevault.presentation.controller.AccountController
Method: getAccount
Arguments: [GetAccountRequestSingle(accountId=1)]
2022-02-11 00:59:46,361 DEBUG dLog [http-nio-8080-exec-1] Class: class com.revature.thevault.service.classes.AccountService
Method: getAccount
Arguments: [GetAccountRequestSingle(accountId=1)]
2022-02-11 00:59:46,427 INFO dLog [http-nio-8080-exec-1] RETURNING: GetResponse(success=true, responseType=GET, message=Account retrieved by Id: 1, gotObject=AccountEntity(pk_account_id=1, loginCredentials=LoginCredentialEntity(pk_user_id=1, username=username1, password=password1), accountTypeEntity=AccountTypeEntity(pk_account_type_id=1, name=Checking), available_balance=100, pending_balance=130))
2022-02-11 00:59:46,427 INFO dLog [http-nio-8080-exec-1] RETURNING: GetResponse(success=true, responseType=GET, message=Account retrieved by Id: 1, gotObject=AccountEntity(pk_account_id=1, loginCredentials=LoginCredentialEntity(pk_user_id=1, username=username1, password=password1), accountTypeEntity=AccountTypeEntity(pk_account_type_id=1, name=Checking), available_balance=100, pending_balance=130))
2022-02-11 01:01:23,061 DEBUG dLog [http-nio-8080-exec-1] Class: class com.revature.thevault.presentation.controller.AccountController
Method: getAccount
Arguments: [GetAccountRequestSingle(accountId=1)]
2022-02-11 01:01:23,073 DEBUG dLog [http-nio-8080-exec-1] Class: class com.revature.thevault.service.classes.AccountService
Method: getAccount
Arguments: [GetAccountRequestSingle(accountId=1)]
2022-02-11 01:01:23,128 INFO dLog [http-nio-8080-exec-1] RETURNING: GetResponse(success=true, responseType=GET, message=Account retrieved by Id: 1, gotObject=AccountEntity(pk_account_id=1, loginCredentials=LoginCredentialEntity(pk_user_id=1, username=username1, password=password1), accountTypeEntity=AccountTypeEntity(pk_account_type_id=1, name=Checking), available_balance=100, pending_balance=130))
2022-02-11 01:01:23,129 INFO dLog [http-nio-8080-exec-1] RETURNING: GetResponse(success=true, responseType=GET, message=Account retrieved by Id: 1, gotObject=AccountEntity(pk_account_id=1, loginCredentials=LoginCredentialEntity(pk_user_id=1, username=username1, password=password1), accountTypeEntity=AccountTypeEntity(pk_account_type_id=1, name=Checking), available_balance=100, pending_balance=130))
2022-02-11 01:02:48,099 DEBUG dLog [http-nio-8080-exec-1] Class: class com.revature.thevault.presentation.controller.AccountController
Method: getAccount
Arguments: [GetAccountRequestSingle(accountId=1)]
2022-02-11 01:02:48,110 DEBUG dLog [http-nio-8080-exec-1] Class: class com.revature.thevault.service.classes.AccountService
Method: getAccount
Arguments: [GetAccountRequestSingle(accountId=1)]
2022-02-11 01:02:48,171 INFO dLog [http-nio-8080-exec-1] RETURNING: GetResponse(success=true, responseType=GET, message=Account retrieved by Id: 1, gotObject=AccountEntity(pk_account_id=1, loginCredentials=LoginCredentialEntity(pk_user_id=1, username=username1, password=password1), accountTypeEntity=AccountTypeEntity(pk_account_type_id=1, name=Checking), available_balance=100, pending_balance=130))
2022-02-11 01:02:48,171 INFO dLog [http-nio-8080-exec-1] RETURNING: GetResponse(success=true, responseType=GET, message=Account retrieved by Id: 1, gotObject=AccountEntity(pk_account_id=1, loginCredentials=LoginCredentialEntity(pk_user_id=1, username=username1, password=password1), accountTypeEntity=AccountTypeEntity(pk_account_type_id=1, name=Checking), available_balance=100, pending_balance=130))
2022-02-11 01:09:43,724 DEBUG dLog [http-nio-8080-exec-2] Class: class com.revature.thevault.presentation.controller.AccountController
Method: getAccount
Arguments: [GetAccountRequestSingle(accountId=1)]
2022-02-11 01:09:43,734 DEBUG dLog [http-nio-8080-exec-2] Class: class com.revature.thevault.service.classes.AccountService
Method: getAccount
Arguments: [GetAccountRequestSingle(accountId=1)]
2022-02-11 01:09:43,792 INFO dLog [http-nio-8080-exec-2] RETURNING: GetResponse(gotObject=AccountEntity(pk_account_id=1, loginCredentials=LoginCredentialEntity(pk_user_id=1, username=username1, password=password1), accountTypeEntity=AccountTypeEntity(pk_account_type_id=1, name=Checking), available_balance=100, pending_balance=130))
2022-02-11 01:09:43,792 INFO dLog [http-nio-8080-exec-2] RETURNING: GetResponse(gotObject=AccountEntity(pk_account_id=1, loginCredentials=LoginCredentialEntity(pk_user_id=1, username=username1, password=password1), accountTypeEntity=AccountTypeEntity(pk_account_type_id=1, name=Checking), available_balance=100, pending_balance=130))
2022-02-11 01:23:48,515 DEBUG dLog [http-nio-8080-exec-2] Class: class com.revature.thevault.presentation.controller.AccountController
Method: getAccount
Arguments: [GetAccountRequestSingle(accountId=1)]
2022-02-11 01:23:48,525 DEBUG dLog [http-nio-8080-exec-2] Class: class com.revature.thevault.service.classes.AccountService
Method: getAccount
Arguments: [GetAccountRequestSingle(accountId=1)]
2022-02-11 01:23:48,584 INFO dLog [http-nio-8080-exec-2] RETURNING: GetResponse(gotObject=AccountEntity(pk_account_id=1, logincredentials=LoginCredentialEntity(pk_user_id=1, username=username1, password=password1), accountTypeEntity=AccountTypeEntity(pk_account_type_id=1, name=Checking), available_balance=100, pending_balance=130))
2022-02-11 01:23:48,584 INFO dLog [http-nio-8080-exec-2] RETURNING: GetResponse(gotObject=AccountEntity(pk_account_id=1, logincredentials=LoginCredentialEntity(pk_user_id=1, username=username1, password=password1), accountTypeEntity=AccountTypeEntity(pk_account_type_id=1, name=Checking), available_balance=100, pending_balance=130))
2022-02-11 01:24:25,759 DEBUG dLog [http-nio-8080-exec-3] Class: class com.revature.thevault.presentation.controller.AccountController
Method: getAccountList
Arguments: [GetAccountRequestAll(userId=1)]
2022-02-11 01:24:25,759 DEBUG dLog [http-nio-8080-exec-3] Class: class com.revature.thevault.service.classes.AccountService
Method: getAccounts
Arguments: [GetAccountRequestAll(userId=1)]
2022-02-11 01:24:25,785 INFO dLog [http-nio-8080-exec-3] RETURNING: GetResponse(gotObject=[AccountEntity(pk_account_id=1, logincredentials=LoginCredentialEntity(pk_user_id=1, username=username1, password=password1), accountTypeEntity=AccountTypeEntity(pk_account_type_id=1, name=Checking), available_balance=100, pending_balance=130)])
2022-02-11 01:24:25,785 INFO dLog [http-nio-8080-exec-3] RETURNING: GetResponse(gotObject=[AccountEntity(pk_account_id=1, logincredentials=LoginCredentialEntity(pk_user_id=1, username=username1, password=password1), accountTypeEntity=AccountTypeEntity(pk_account_type_id=1, name=Checking), available_balance=100, pending_balance=130)])
2022-02-11 01:25:37,289 DEBUG dLog [http-nio-8080-exec-1] Class: class com.revature.thevault.presentation.controller.AccountController
Method: getAccountList
Arguments: [GetAccountRequestAll(userId=1)]
2022-02-11 01:25:37,301 DEBUG dLog [http-nio-8080-exec-1] Class: class com.revature.thevault.service.classes.AccountService
Method: getAccounts
Arguments: [GetAccountRequestAll(userId=1)]
2022-02-11 01:25:37,363 INFO dLog [http-nio-8080-exec-1] RETURNING: GetResponse(gotObject=[AccountEntity(pk_account_id=1, logincredentials=LoginCredentialEntity(pk_user_id=1, username=username1, password=password1), accountTypeEntity=AccountTypeEntity(pk_account_type_id=1, name=Checking), available_balance=100, pending_balance=130)])
2022-02-11 01:25:37,364 INFO dLog [http-nio-8080-exec-1] RETURNING: GetResponse(gotObject=[AccountEntity(pk_account_id=1, logincredentials=LoginCredentialEntity(pk_user_id=1, username=username1, password=password1), accountTypeEntity=AccountTypeEntity(pk_account_type_id=1, name=Checking), available_balance=100, pending_balance=130)])
2022-02-11 01:26:20,369 DEBUG dLog [http-nio-8080-exec-1] Class: class com.revature.thevault.presentation.controller.AccountController
Method: getAccountList
Arguments: [GetAccountRequestAll(userId=1)]
2022-02-11 01:26:20,380 DEBUG dLog [http-nio-8080-exec-1] Class: class com.revature.thevault.service.classes.AccountService
Method: getAccounts
Arguments: [GetAccountRequestAll(userId=1)]
2022-02-11 01:26:20,439 INFO dLog [http-nio-8080-exec-1] RETURNING: GetResponse(gotObject=[AccountEntity(pk_account_id=1, logincredentials=LoginCredentialEntity(pk_user_id=1, username=username1, password=password1), accountTypeEntity=AccountTypeEntity(pk_account_type_id=1, name=Checking), available_balance=100, pending_balance=130)])
2022-02-11 01:26:20,439 INFO dLog [http-nio-8080-exec-1] RETURNING: GetResponse(gotObject=[AccountEntity(pk_account_id=1, logincredentials=LoginCredentialEntity(pk_user_id=1, username=username1, password=password1), accountTypeEntity=AccountTypeEntity(pk_account_type_id=1, name=Checking), available_balance=100, pending_balance=130)])
2022-02-11 01:31:40,778 DEBUG dLog [http-nio-8080-exec-5] Class: class com.revature.thevault.presentation.controller.AccountController
Method: getAccount
Arguments: [GetAccountRequestSingle(accountId=1)]
2022-02-11 01:31:40,778 DEBUG dLog [http-nio-8080-exec-5] Class: class com.revature.thevault.service.classes.AccountService
Method: getAccount
Arguments: [GetAccountRequestSingle(accountId=1)]
2022-02-11 01:31:40,793 INFO dLog [http-nio-8080-exec-5] RETURNING: GetResponse(gotObject=AccountEntity(pk_account_id=1, logincredentials=LoginCredentialEntity(pk_user_id=1, username=username1, password=password1), accountTypeEntity=AccountTypeEntity(pk_account_type_id=1, name=Checking), available_balance=100, pending_balance=130))
2022-02-11 01:31:40,793 INFO dLog [http-nio-8080-exec-5] RETURNING: GetResponse(gotObject=AccountEntity(pk_account_id=1, logincredentials=LoginCredentialEntity(pk_user_id=1, username=username1, password=password1), accountTypeEntity=AccountTypeEntity(pk_account_type_id=1, name=Checking), available_balance=100, pending_balance=130))
2022-02-11 14:49:45,953 DEBUG dLog [main] Class: class com.revature.thevault.service.classes.AccountService
Method: transferToAnotherAccount
Arguments: [TransferRequest(ownerAccountId=1, receiverAccountId=2, amount=100000)]
2022-02-11 14:49:45,967 INFO dLog [main] Returning: NULL VALUE
2022-02-11 14:49:45,979 DEBUG dLog [main] Class: class com.revature.thevault.service.classes.AccountService
Method: deleteAccount
Arguments: [DeleteAccountRequest(accountId=-1)]
2022-02-11 14:49:45,985 ERROR dLog [main] CONTROLLER CLASS: class com.revature.thevault.service.classes.AccountService
THROWING EXCEPTION: class com.revature.thevault.service.exceptions.InvalidAccountIdException
2022-02-11 14:49:45,996 DEBUG dLog [main] Class: class com.revature.thevault.service.classes.AccountService
Method: deleteAccount
Arguments: [DeleteAccountRequest(accountId=1)]
2022-02-11 14:49:45,996 INFO dLog [main] RETURNING: GenericResponse(success=true, responseType=DELETE, message=Successful Account Deletion: 1)
2022-02-11 14:49:46,019 DEBUG dLog [main] Class: class com.revature.thevault.service.classes.AccountService
Method: transferToAnotherAccount
Arguments: [TransferRequest(ownerAccountId=1, receiverAccountId=2, amount=42)]
2022-02-11 14:49:46,019 INFO dLog [main] Returning: NULL VALUE
2022-02-11 14:49:46,029 DEBUG dLog [main] Class: class com.revature.thevault.service.classes.AccountService
Method: transferToAnotherAccount
Arguments: [TransferRequest(ownerAccountId=1, receiverAccountId=2, amount=820)]
2022-02-11 14:49:46,029 INFO dLog [main] Returning: NULL VALUE
2022-02-11 14:49:46,039 DEBUG dLog [main] Class: class com.revature.thevault.service.classes.AccountService
Method: transferToAnotherAccount
Arguments: [TransferRequest(ownerAccountId=1, receiverAccountId=2, amount=539)]
2022-02-11 14:49:46,040 INFO dLog [main] Returning: NULL VALUE
2022-02-11 14:49:46,050 DEBUG dLog [main] Class: class com.revature.thevault.service.classes.AccountService
Method: transferToAnotherAccount
Arguments: [TransferRequest(ownerAccountId=1, receiverAccountId=2, amount=235)]
2022-02-11 14:49:46,050 INFO dLog [main] Returning: NULL VALUE
2022-02-11 14:49:46,060 DEBUG dLog [main] Class: class com.revature.thevault.service.classes.AccountService
Method: transferToAnotherAccount
Arguments: [TransferRequest(ownerAccountId=1, receiverAccountId=2, amount=965)]
2022-02-11 14:49:46,060 INFO dLog [main] Returning: NULL VALUE
2022-02-11 14:49:46,070 DEBUG dLog [main] Class: class com.revature.thevault.service.classes.AccountService
Method: updateAccountAvailableBalance
Arguments: [UpdateBalanceRequest(accountId=1, amount=10)]
2022-02-11 14:49:46,070 INFO dLog [main] Returning: NULL VALUE
2022-02-11 14:49:46,085 DEBUG dLog [main] Class: class com.revature.thevault.service.classes.AccountService
Method: updateAccountPendingBalance
Arguments: [UpdateBalanceRequest(accountId=1, amount=743)]
2022-02-11 14:49:46,085 INFO dLog [main] Returning: NULL VALUE
2022-02-11 14:49:46,094 DEBUG dLog [main] Class: class com.revature.thevault.service.classes.AccountService
Method: updateAccountPendingBalance
Arguments: [UpdateBalanceRequest(accountId=1, amount=686)]
2022-02-11 14:49:46,094 INFO dLog [main] Returning: NULL VALUE
2022-02-11 14:49:46,103 DEBUG dLog [main] Class: class com.revature.thevault.service.classes.AccountService
Method: updateAccountPendingBalance
Arguments: [UpdateBalanceRequest(accountId=1, amount=604)]
2022-02-11 14:49:46,104 INFO dLog [main] Returning: NULL VALUE
2022-02-11 14:49:46,113 DEBUG dLog [main] Class: class com.revature.thevault.service.classes.AccountService
Method: updateAccountPendingBalance
Arguments: [UpdateBalanceRequest(accountId=1, amount=233)]
2022-02-11 14:49:46,114 INFO dLog [main] Returning: NULL VALUE
2022-02-11 14:49:46,123 DEBUG dLog [main] Class: class com.revature.thevault.service.classes.AccountService
Method: updateAccountPendingBalance
Arguments: [UpdateBalanceRequest(accountId=1, amount=298)]
2022-02-11 14:49:46,123 INFO dLog [main] Returning: NULL VALUE
2022-02-11 14:49:46,130 DEBUG dLog [main] Class: class com.revature.thevault.service.classes.AccountService
Method: updateAccountPendingBalance
Arguments: [UpdateBalanceRequest(accountId=1, amount=-10)]
2022-02-11 14:49:46,130 INFO dLog [main] Returning: NULL VALUE
2022-02-11 14:49:46,138 DEBUG dLog [main] Class: class com.revature.thevault.service.classes.AccountService
Method: updateAccountPendingBalance
Arguments: [UpdateBalanceRequest(accountId=1, amount=0)]
2022-02-11 14:49:46,138 INFO dLog [main] Returning: NULL VALUE
2022-02-11 14:49:46,159 DEBUG dLog [main] Class: class com.revature.thevault.service.classes.AccountService
Method: createAccount
Arguments: [CreateAccountRequest(userId=1, accountType=lol)]
2022-02-11 14:49:46,160 INFO dLog [main] Returning: NULL VALUE
2022-02-11 14:49:46,182 DEBUG dLog [main] Class: class com.revature.thevault.service.classes.AccountService
Method: transferToAnotherAccount
Arguments: [TransferRequest(ownerAccountId=1, receiverAccountId=-1, amount=10)]
2022-02-11 14:49:46,182 INFO dLog [main] Returning: NULL VALUE
2022-02-11 14:49:46,192 DEBUG dLog [main] Class: class com.revature.thevault.service.classes.AccountService
Method: createAccount
Arguments: [CreateAccountRequest(userId=-1, accountType=Checking)]
2022-02-11 14:49:46,192 INFO dLog [main] Returning: NULL VALUE
2022-02-11 14:49:46,198 DEBUG dLog [main] Class: class com.revature.thevault.service.classes.AccountService
Method: createAccount
Arguments: [CreateAccountRequest(userId=1, accountType=Checking)]
2022-02-11 14:49:46,198 INFO dLog [main] Returning: NULL VALUE
2022-02-11 14:49:46,205 DEBUG dLog [main] Class: class com.revature.thevault.service.classes.AccountService
Method: transferToAnotherAccount
Arguments: [TransferRequest(ownerAccountId=-1, receiverAccountId=2, amount=10)]
2022-02-11 14:49:46,205 INFO dLog [main] Returning: NULL VALUE
2022-02-11 15:02:17,159 DEBUG dLog [main] Class: class com.revature.thevault.service.classes.AccountService
Method: getAccount
Arguments: [GetAccountRequestSingle(accountId=1)]
2022-02-11 15:02:17,175 INFO dLog [main] RETURNING: GetResponse(gotObject=AccountEntity(pk_account_id=1, logincredentials=LoginCredentialEntity(pk_user_id=1, username=username, password=password), accountTypeEntity=AccountTypeEntity(pk_account_type_id=1, name=Checking), available_balance=100, pending_balance=120))
2022-02-11 18:52:52,960 DEBUG dLog [main] Class: class com.revature.thevault.service.classes.AccountService
Method: getAccount
Arguments: [GetAccountRequestSingle(accountId=1)]
2022-02-11 18:52:52,981 INFO dLog [main] RETURNING: GetResponse(gotObject=AccountEntity(pk_account_id=1, logincredentials=LoginCredentialEntity(pk_user_id=1, username=username, password=password), accountTypeEntity=AccountTypeEntity(pk_account_type_id=1, name=Checking), available_balance=100, pending_balance=120))
2022-02-11 18:53:24,487 DEBUG dLog [http-nio-8080-exec-2] Class: class com.revature.thevault.presentation.controller.AccountController
Method: getAccount
Arguments: [GetAccountRequestSingle(accountId=1)]
2022-02-11 18:53:24,498 DEBUG dLog [http-nio-8080-exec-2] Class: class com.revature.thevault.service.classes.AccountService
Method: getAccount
Arguments: [GetAccountRequestSingle(accountId=1)]
2022-02-11 18:53:24,580 INFO dLog [http-nio-8080-exec-2] RETURNING: GetResponse(gotObject=AccountEntity(pk_account_id=1, logincredentials=LoginCredentialEntity(pk_user_id=1, username=username1, password=password1), accountTypeEntity=AccountTypeEntity(pk_account_type_id=1, name=Checking), available_balance=100, pending_balance=130))
2022-02-11 18:53:24,580 INFO dLog [http-nio-8080-exec-2] RETURNING: GetResponse(gotObject=AccountEntity(pk_account_id=1, logincredentials=LoginCredentialEntity(pk_user_id=1, username=username1, password=password1), accountTypeEntity=AccountTypeEntity(pk_account_type_id=1, name=Checking), available_balance=100, pending_balance=130))
2022-02-11 18:53:35,242 DEBUG dLog [http-nio-8080-exec-3] Class: class com.revature.thevault.presentation.controller.AccountController
Method: getAccountList
Arguments: [GetAccountRequestAll(userId=1)]
2022-02-11 18:53:35,243 DEBUG dLog [http-nio-8080-exec-3] Class: class com.revature.thevault.service.classes.AccountService
Method: getAccounts
Arguments: [GetAccountRequestAll(userId=1)]
2022-02-11 18:53:35,273 INFO dLog [http-nio-8080-exec-3] RETURNING: GetResponse(gotObject=[AccountEntity(pk_account_id=1, logincredentials=LoginCredentialEntity(pk_user_id=1, username=username1, password=password1), accountTypeEntity=AccountTypeEntity(pk_account_type_id=1, name=Checking), available_balance=100, pending_balance=130)])
2022-02-11 18:53:35,273 INFO dLog [http-nio-8080-exec-3] RETURNING: GetResponse(gotObject=[AccountEntity(pk_account_id=1, logincredentials=LoginCredentialEntity(pk_user_id=1, username=username1, password=password1), accountTypeEntity=AccountTypeEntity(pk_account_type_id=1, name=Checking), available_balance=100, pending_balance=130)])
2022-02-11 19:52:56,442 DEBUG dLog [http-nio-8000-exec-1] Class: class com.revature.thevault.presentation.controller.AccountController
Method: getAccountList
Arguments: [GetAccountRequestAll(userId=1)]
2022-02-11 19:52:56,456 DEBUG dLog [http-nio-8000-exec-1] Class: class com.revature.thevault.service.classes.AccountService
Method: getAccounts
Arguments: [GetAccountRequestAll(userId=1)]
2022-02-11 19:52:56,583 INFO dLog [http-nio-8000-exec-1] RETURNING: GetResponse(gotObject=[AccountEntity(pk_account_id=1, logincredentials=LoginCredentialEntity(pk_user_id=1, username=username1, password=password1), accountTypeEntity=AccountTypeEntity(pk_account_type_id=1, name=Checking), available_balance=100, pending_balance=130)])
2022-02-11 19:52:56,584 INFO dLog [http-nio-8000-exec-1] RETURNING: GetResponse(gotObject=[AccountEntity(pk_account_id=1, logincredentials=LoginCredentialEntity(pk_user_id=1, username=username1, password=password1), accountTypeEntity=AccountTypeEntity(pk_account_type_id=1, name=Checking), available_balance=100, pending_balance=130)])
2022-02-11 19:53:10,045 DEBUG dLog [http-nio-8000-exec-3] Class: class com.revature.thevault.presentation.controller.AccountController
Method: getAccount
Arguments: [GetAccountRequestSingle(accountId=1)]
2022-02-11 19:53:10,046 DEBUG dLog [http-nio-8000-exec-3] Class: class com.revature.thevault.service.classes.AccountService
Method: getAccount
Arguments: [GetAccountRequestSingle(accountId=1)]
2022-02-11 19:53:10,071 INFO dLog [http-nio-8000-exec-3] RETURNING: GetResponse(gotObject=[AccountEntity(pk_account_id=1, logincredentials=LoginCredentialEntity(pk_user_id=1, username=username1, password=password1), accountTypeEntity=AccountTypeEntity(pk_account_type_id=1, name=Checking), available_balance=100, pending_balance=130)])
2022-02-11 19:53:10,072 INFO dLog [http-nio-8000-exec-3] RETURNING: GetResponse(gotObject=[AccountEntity(pk_account_id=1, logincredentials=LoginCredentialEntity(pk_user_id=1, username=username1, password=password1), accountTypeEntity=AccountTypeEntity(pk_account_type_id=1, name=Checking), available_balance=100, pending_balance=130)])
2022-02-11 20:00:22,876 DEBUG dLog [http-nio-8000-exec-2] Class: class com.revature.thevault.presentation.controller.AccountController
Method: getAccountList
Arguments: [GetAccountRequestAll(userId=1)]
2022-02-11 20:00:22,903 DEBUG dLog [http-nio-8000-exec-2] Class: class com.revature.thevault.service.classes.AccountService
Method: getAccounts
Arguments: [GetAccountRequestAll(userId=1)]
2022-02-11 20:00:23,022 INFO dLog [http-nio-8000-exec-2] RETURNING: GetResponse(gotObject=[AccountEntity(pk_account_id=1, logincredentials=LoginCredentialEntity(pk_user_id=1, username=username1, password=password1), accountTypeEntity=AccountTypeEntity(pk_account_type_id=1, name=Checking), available_balance=100, pending_balance=130)])
2022-02-11 20:00:23,022 INFO dLog [http-nio-8000-exec-2] RETURNING: GetResponse(gotObject=[AccountEntity(pk_account_id=1, logincredentials=LoginCredentialEntity(pk_user_id=1, username=username1, password=password1), accountTypeEntity=AccountTypeEntity(pk_account_type_id=1, name=Checking), available_balance=100, pending_balance=130)])
