2022-02-20 21:21:27,008 DEBUG dLog [http-nio-8080-exec-2] Class: class com.revature.thevault.presentation.controller.LoginController
Method: findLoginCredential
Arguments: [LoginRequest(username=username1, password=password1)]
2022-02-20 21:21:27,020 DEBUG dLog [http-nio-8080-exec-2] Class: class com.revature.thevault.service.classes.LoginService
Method: getLoginCredentialFromLogin
Arguments: [LoginRequest(username=username1, password=password1)]
2022-02-20 21:21:27,058 ERROR dLog [http-nio-8080-exec-2] CONTROLLER CLASS: class com.revature.thevault.service.classes.LoginService
THROWING EXCEPTION: class com.revature.thevault.service.exceptions.InvalidInputException
2022-02-20 21:21:27,058 ERROR dLog [http-nio-8080-exec-2] CONTROLLER CLASS: class com.revature.thevault.presentation.controller.LoginController
THROWING EXCEPTION: class com.revature.thevault.service.exceptions.InvalidInputException
2022-02-20 21:24:42,279 DEBUG dLog [http-nio-8080-exec-3] Class: class com.revature.thevault.presentation.controller.LoginController
Method: findLoginCredential
Arguments: [LoginRequest(username=username1, password=password1)]
2022-02-20 21:24:42,279 DEBUG dLog [http-nio-8080-exec-3] Class: class com.revature.thevault.service.classes.LoginService
Method: getLoginCredentialFromLogin
Arguments: [LoginRequest(username=username1, password=password1)]
2022-02-20 21:24:42,280 ERROR dLog [http-nio-8080-exec-3] CONTROLLER CLASS: class com.revature.thevault.service.classes.LoginService
THROWING EXCEPTION: class com.revature.thevault.service.exceptions.InvalidInputException
2022-02-20 21:24:42,280 ERROR dLog [http-nio-8080-exec-3] CONTROLLER CLASS: class com.revature.thevault.presentation.controller.LoginController
THROWING EXCEPTION: class com.revature.thevault.service.exceptions.InvalidInputException
2022-02-20 21:34:03,456 DEBUG dLog [http-nio-8080-exec-2] Class: class com.revature.thevault.presentation.controller.LoginController
Method: newLogin
Arguments: [NewLoginCredentialsRequest()]
2022-02-20 21:34:03,465 DEBUG dLog [http-nio-8080-exec-2] Class: class com.revature.thevault.service.classes.LoginService
Method: createNewLogin
Arguments: [NewLoginCredentialsRequest()]
2022-02-20 21:34:03,524 INFO dLog [http-nio-8080-exec-2] RETURNING: PostResponse(createdObject=[LoginResponseObject(userId=1, username=tom1, password=tom1)])
2022-02-20 21:34:03,524 INFO dLog [http-nio-8080-exec-2] RETURNING: PostResponse(createdObject=[LoginResponseObject(userId=1, username=tom1, password=tom1)])
2022-02-20 21:34:03,568 DEBUG dLog [http-nio-8080-exec-4] Class: class com.revature.thevault.presentation.controller.AccountProfileController
Method: createProfile
Arguments: [ProfileCreateRequest(userId=1, firstName=tom, lastName=tomy, email=tom@gmail.co, phoneNumber=655555555, address=tom11)]
2022-02-20 21:34:03,573 DEBUG dLog [http-nio-8080-exec-4] Class: class com.revature.thevault.service.classes.AccountProfileService
Method: createProfile
Arguments: [ProfileCreateRequest(userId=1, firstName=tom, lastName=tomy, email=tom@gmail.co, phoneNumber=655555555, address=tom11)]
2022-02-20 21:34:03,582 INFO dLog [http-nio-8080-exec-4] RETURNING: PostResponse(createdObject=[AccountProfileResponse(profileId=1, userId=1, firstName=tom, lastName=tomy, email=tom@gmail.co, phoneNumber=655555555, address=tom11)])
2022-02-20 21:34:03,582 INFO dLog [http-nio-8080-exec-4] RETURNING: PostResponse(createdObject=[AccountProfileResponse(profileId=1, userId=1, firstName=tom, lastName=tomy, email=tom@gmail.co, phoneNumber=655555555, address=tom11)])
2022-02-20 21:34:11,253 DEBUG dLog [http-nio-8080-exec-5] Class: class com.revature.thevault.presentation.controller.LoginController
Method: findLoginCredential
Arguments: [LoginRequest(username=tom1, password=tom1)]
2022-02-20 21:34:11,254 DEBUG dLog [http-nio-8080-exec-5] Class: class com.revature.thevault.service.classes.LoginService
Method: getLoginCredentialFromLogin
Arguments: [LoginRequest(username=tom1, password=tom1)]
2022-02-20 21:34:11,278 INFO dLog [http-nio-8080-exec-5] RETURNING: PostResponse(createdObject=[LoginResponseObject(userId=1, username=tom1, password=tom1)])
2022-02-20 21:34:11,278 INFO dLog [http-nio-8080-exec-5] RETURNING: PostResponse(createdObject=[LoginResponseObject(userId=1, username=tom1, password=tom1)])
2022-02-20 21:34:11,292 DEBUG dLog [http-nio-8080-exec-6] Class: class com.revature.thevault.presentation.controller.AccountProfileController
Method: getProfile
Arguments: [1]
2022-02-20 21:34:11,293 DEBUG dLog [http-nio-8080-exec-6] Class: class com.revature.thevault.service.classes.AccountProfileService
Method: getProfile
Arguments: [AccountProfileRequest(profileId=1)]
2022-02-20 21:34:11,308 INFO dLog [http-nio-8080-exec-6] RETURNING: GetResponse(gotObject=[AccountProfileResponse(profileId=1, userId=1, firstName=tom, lastName=tomy, email=tom@gmail.co, phoneNumber=655555555, address=tom11)])
2022-02-20 21:34:11,308 INFO dLog [http-nio-8080-exec-6] RETURNING: GetResponse(gotObject=[AccountProfileResponse(profileId=1, userId=1, firstName=tom, lastName=tomy, email=tom@gmail.co, phoneNumber=655555555, address=tom11)])
2022-02-20 21:34:11,318 DEBUG dLog [http-nio-8080-exec-7] Class: class com.revature.thevault.presentation.controller.AccountController
Method: getUserAccountList
Arguments: [1]
2022-02-20 21:34:11,322 DEBUG dLog [http-nio-8080-exec-7] Class: class com.revature.thevault.service.classes.AccountService
Method: getAccounts
Arguments: [1]
2022-02-20 21:34:11,329 INFO dLog [http-nio-8080-exec-7] RETURNING: GetResponse(gotObject=[])
2022-02-20 21:34:11,329 INFO dLog [http-nio-8080-exec-7] RETURNING: GetResponse(gotObject=[])
2022-02-20 21:34:39,225 DEBUG dLog [http-nio-8080-exec-9] Class: class com.revature.thevault.presentation.controller.AccountController
Method: createAccount
Arguments: [CreateAccountRequest(userId=1, accountType=Checking)]
2022-02-20 21:34:39,226 DEBUG dLog [http-nio-8080-exec-9] Class: class com.revature.thevault.service.classes.AccountService
Method: createAccount
Arguments: [CreateAccountRequest(userId=1, accountType=Checking)]
2022-02-20 21:34:39,226 DEBUG dLog [http-nio-8080-exec-9] Class: class com.revature.thevault.service.classes.AccountTypeService
Method: findAccountTypeEntityByName
Arguments: [Checking]
2022-02-20 21:34:39,230 INFO dLog [http-nio-8080-exec-9] RETURNING: AccountTypeEntity(pk_account_type_id=1, name=Checking)
2022-02-20 21:34:39,236 INFO dLog [http-nio-8080-exec-9] RETURNING: PostResponse(createdObject=[AccountResponseObject(accountId=1, userId=1, accountType=Checking, availableBalance=0.0, pendingBalance=0.0)])
2022-02-20 21:34:39,236 INFO dLog [http-nio-8080-exec-9] RETURNING: PostResponse(createdObject=[AccountResponseObject(accountId=1, userId=1, accountType=Checking, availableBalance=0.0, pendingBalance=0.0)])
2022-02-20 21:34:41,472 DEBUG dLog [http-nio-8080-exec-10] Class: class com.revature.thevault.presentation.controller.AccountController
Method: createAccount
Arguments: [CreateAccountRequest(userId=1, accountType=Savings)]
2022-02-20 21:34:41,472 DEBUG dLog [http-nio-8080-exec-10] Class: class com.revature.thevault.service.classes.AccountService
Method: createAccount
Arguments: [CreateAccountRequest(userId=1, accountType=Savings)]
2022-02-20 21:34:41,472 DEBUG dLog [http-nio-8080-exec-10] Class: class com.revature.thevault.service.classes.AccountTypeService
Method: findAccountTypeEntityByName
Arguments: [Savings]
2022-02-20 21:34:41,473 INFO dLog [http-nio-8080-exec-10] RETURNING: AccountTypeEntity(pk_account_type_id=2, name=Savings)
2022-02-20 21:34:41,475 INFO dLog [http-nio-8080-exec-10] RETURNING: PostResponse(createdObject=[AccountResponseObject(accountId=2, userId=1, accountType=Savings, availableBalance=0.0, pendingBalance=0.0)])
2022-02-20 21:34:41,475 INFO dLog [http-nio-8080-exec-10] RETURNING: PostResponse(createdObject=[AccountResponseObject(accountId=2, userId=1, accountType=Savings, availableBalance=0.0, pendingBalance=0.0)])
2022-02-20 21:34:43,264 DEBUG dLog [http-nio-8080-exec-1] Class: class com.revature.thevault.presentation.controller.TransactionController
Method: getTransactionHistory
Arguments: [1]
2022-02-20 21:34:43,267 DEBUG dLog [http-nio-8080-exec-1] Class: class com.revature.thevault.service.classes.TransactionService
Method: getTransactionHistory
Arguments: [1]
2022-02-20 21:34:43,269 DEBUG dLog [http-nio-8080-exec-1] Class: class com.revature.thevault.service.classes.DepositService
Method: getAllUserDeposits
Arguments: [1]
2022-02-20 21:34:43,275 INFO dLog [http-nio-8080-exec-1] RETURNING: GetResponse(gotObject=[])
2022-02-20 21:34:43,275 DEBUG dLog [http-nio-8080-exec-1] Class: class com.revature.thevault.service.classes.WithdrawService
Method: getAllUserWithdrawals
Arguments: [1]
2022-02-20 21:34:43,282 INFO dLog [http-nio-8080-exec-1] RETURNING: GetResponse(gotObject=[])
2022-02-20 21:34:43,283 INFO dLog [http-nio-8080-exec-1] RETURNING: GetResponse(gotObject=[])
2022-02-20 21:34:43,283 INFO dLog [http-nio-8080-exec-1] RETURNING: GetResponse(gotObject=[])
2022-02-20 21:34:58,029 DEBUG dLog [http-nio-8080-exec-2] Class: class com.revature.thevault.presentation.controller.LoginController
Method: findLoginCredential
Arguments: [LoginRequest(username=tom1, password=tom1)]
2022-02-20 21:34:58,030 DEBUG dLog [http-nio-8080-exec-2] Class: class com.revature.thevault.service.classes.LoginService
Method: getLoginCredentialFromLogin
Arguments: [LoginRequest(username=tom1, password=tom1)]
2022-02-20 21:34:58,031 INFO dLog [http-nio-8080-exec-2] RETURNING: PostResponse(createdObject=[LoginResponseObject(userId=1, username=tom1, password=tom1)])
2022-02-20 21:34:58,031 INFO dLog [http-nio-8080-exec-2] RETURNING: PostResponse(createdObject=[LoginResponseObject(userId=1, username=tom1, password=tom1)])
2022-02-20 21:34:58,037 DEBUG dLog [http-nio-8080-exec-3] Class: class com.revature.thevault.presentation.controller.AccountProfileController
Method: getProfile
Arguments: [1]
2022-02-20 21:34:58,037 DEBUG dLog [http-nio-8080-exec-3] Class: class com.revature.thevault.service.classes.AccountProfileService
Method: getProfile
Arguments: [AccountProfileRequest(profileId=1)]
2022-02-20 21:34:58,038 INFO dLog [http-nio-8080-exec-3] RETURNING: GetResponse(gotObject=[AccountProfileResponse(profileId=1, userId=1, firstName=tom, lastName=tomy, email=tom@gmail.co, phoneNumber=655555555, address=tom11)])
2022-02-20 21:34:58,039 INFO dLog [http-nio-8080-exec-3] RETURNING: GetResponse(gotObject=[AccountProfileResponse(profileId=1, userId=1, firstName=tom, lastName=tomy, email=tom@gmail.co, phoneNumber=655555555, address=tom11)])
2022-02-20 21:34:58,044 DEBUG dLog [http-nio-8080-exec-4] Class: class com.revature.thevault.presentation.controller.AccountController
Method: getUserAccountList
Arguments: [1]
2022-02-20 21:34:58,044 DEBUG dLog [http-nio-8080-exec-4] Class: class com.revature.thevault.service.classes.AccountService
Method: getAccounts
Arguments: [1]
2022-02-20 21:34:58,047 INFO dLog [http-nio-8080-exec-4] RETURNING: GetResponse(gotObject=[AccountResponseObject(accountId=1, userId=1, accountType=Checking, availableBalance=0.0, pendingBalance=0.0), AccountResponseObject(accountId=2, userId=1, accountType=Savings, availableBalance=0.0, pendingBalance=0.0)])
2022-02-20 21:34:58,048 INFO dLog [http-nio-8080-exec-4] RETURNING: GetResponse(gotObject=[AccountResponseObject(accountId=1, userId=1, accountType=Checking, availableBalance=0.0, pendingBalance=0.0), AccountResponseObject(accountId=2, userId=1, accountType=Savings, availableBalance=0.0, pendingBalance=0.0)])
2022-02-20 21:35:02,379 DEBUG dLog [http-nio-8080-exec-6] Class: class com.revature.thevault.presentation.controller.DepositController
Method: deleteAllDeposits
Arguments: [1]
2022-02-20 21:35:02,382 DEBUG dLog [http-nio-8080-exec-6] Class: class com.revature.thevault.service.classes.DepositService
Method: deleteAllDeposits
Arguments: [1]
2022-02-20 21:35:02,384 INFO dLog [http-nio-8080-exec-6] RETURNING: DeleteResponse(deletedObject=[])
2022-02-20 21:35:02,384 INFO dLog [http-nio-8080-exec-6] RETURNING: DeleteResponse(deletedObject=[])
2022-02-20 21:35:02,392 DEBUG dLog [http-nio-8080-exec-8] Class: class com.revature.thevault.presentation.controller.WithdrawController
Method: deleteAllWithdraws
Arguments: [1]
2022-02-20 21:35:02,395 DEBUG dLog [http-nio-8080-exec-8] Class: class com.revature.thevault.service.classes.WithdrawService
Method: deleteAllWithdraws
Arguments: [1]
2022-02-20 21:35:02,396 INFO dLog [http-nio-8080-exec-8] RETURNING: DeleteResponse(deletedObject=[])
2022-02-20 21:35:02,396 INFO dLog [http-nio-8080-exec-8] RETURNING: DeleteResponse(deletedObject=[])
2022-02-20 21:35:02,403 DEBUG dLog [http-nio-8080-exec-10] Class: class com.revature.thevault.presentation.controller.AccountController
Method: deleteAccount
Arguments: [1]
2022-02-20 21:35:02,403 DEBUG dLog [http-nio-8080-exec-10] Class: class com.revature.thevault.service.classes.AccountService
Method: deleteAccount
Arguments: [1]
2022-02-20 21:35:02,418 INFO dLog [http-nio-8080-exec-10] RETURNING: DeleteResponse(deletedObject=[AccountResponseObject(accountId=1, userId=1, accountType=Checking, availableBalance=0.0, pendingBalance=0.0)])
2022-02-20 21:35:02,418 INFO dLog [http-nio-8080-exec-10] RETURNING: DeleteResponse(deletedObject=[AccountResponseObject(accountId=1, userId=1, accountType=Checking, availableBalance=0.0, pendingBalance=0.0)])
2022-02-20 21:35:04,768 DEBUG dLog [http-nio-8080-exec-2] Class: class com.revature.thevault.presentation.controller.DepositController
Method: deleteAllDeposits
Arguments: [2]
2022-02-20 21:35:04,768 DEBUG dLog [http-nio-8080-exec-2] Class: class com.revature.thevault.service.classes.DepositService
Method: deleteAllDeposits
Arguments: [2]
2022-02-20 21:35:04,769 INFO dLog [http-nio-8080-exec-2] RETURNING: DeleteResponse(deletedObject=[])
2022-02-20 21:35:04,769 INFO dLog [http-nio-8080-exec-2] RETURNING: DeleteResponse(deletedObject=[])
2022-02-20 21:35:04,776 DEBUG dLog [http-nio-8080-exec-4] Class: class com.revature.thevault.presentation.controller.WithdrawController
Method: deleteAllWithdraws
Arguments: [2]
2022-02-20 21:35:04,776 DEBUG dLog [http-nio-8080-exec-4] Class: class com.revature.thevault.service.classes.WithdrawService
Method: deleteAllWithdraws
Arguments: [2]
2022-02-20 21:35:04,778 INFO dLog [http-nio-8080-exec-4] RETURNING: DeleteResponse(deletedObject=[])
2022-02-20 21:35:04,778 INFO dLog [http-nio-8080-exec-4] RETURNING: DeleteResponse(deletedObject=[])
2022-02-20 21:35:04,786 DEBUG dLog [http-nio-8080-exec-6] Class: class com.revature.thevault.presentation.controller.AccountController
Method: deleteAccount
Arguments: [2]
2022-02-20 21:35:04,786 DEBUG dLog [http-nio-8080-exec-6] Class: class com.revature.thevault.service.classes.AccountService
Method: deleteAccount
Arguments: [2]
2022-02-20 21:35:04,788 INFO dLog [http-nio-8080-exec-6] RETURNING: DeleteResponse(deletedObject=[AccountResponseObject(accountId=2, userId=1, accountType=Savings, availableBalance=0.0, pendingBalance=0.0)])
2022-02-20 21:35:04,788 INFO dLog [http-nio-8080-exec-6] RETURNING: DeleteResponse(deletedObject=[AccountResponseObject(accountId=2, userId=1, accountType=Savings, availableBalance=0.0, pendingBalance=0.0)])
2022-02-20 21:37:55,886 DEBUG dLog [http-nio-8080-exec-8] Class: class com.revature.thevault.presentation.controller.LoginController
Method: findLoginCredential
Arguments: [LoginRequest(username=tom1, password=tom1)]
2022-02-20 21:37:55,887 DEBUG dLog [http-nio-8080-exec-8] Class: class com.revature.thevault.service.classes.LoginService
Method: getLoginCredentialFromLogin
Arguments: [LoginRequest(username=tom1, password=tom1)]
2022-02-20 21:37:55,888 INFO dLog [http-nio-8080-exec-8] RETURNING: PostResponse(createdObject=[LoginResponseObject(userId=1, username=tom1, password=tom1)])
2022-02-20 21:37:55,888 INFO dLog [http-nio-8080-exec-8] RETURNING: PostResponse(createdObject=[LoginResponseObject(userId=1, username=tom1, password=tom1)])
2022-02-20 21:37:55,893 DEBUG dLog [http-nio-8080-exec-9] Class: class com.revature.thevault.presentation.controller.AccountProfileController
Method: getProfile
Arguments: [1]
2022-02-20 21:37:55,894 DEBUG dLog [http-nio-8080-exec-9] Class: class com.revature.thevault.service.classes.AccountProfileService
Method: getProfile
Arguments: [AccountProfileRequest(profileId=1)]
2022-02-20 21:37:55,895 INFO dLog [http-nio-8080-exec-9] RETURNING: GetResponse(gotObject=[AccountProfileResponse(profileId=1, userId=1, firstName=tom, lastName=tomy, email=tom@gmail.co, phoneNumber=655555555, address=tom11)])
2022-02-20 21:37:55,895 INFO dLog [http-nio-8080-exec-9] RETURNING: GetResponse(gotObject=[AccountProfileResponse(profileId=1, userId=1, firstName=tom, lastName=tomy, email=tom@gmail.co, phoneNumber=655555555, address=tom11)])
2022-02-20 21:37:55,901 DEBUG dLog [http-nio-8080-exec-10] Class: class com.revature.thevault.presentation.controller.AccountController
Method: getUserAccountList
Arguments: [1]
2022-02-20 21:37:55,901 DEBUG dLog [http-nio-8080-exec-10] Class: class com.revature.thevault.service.classes.AccountService
Method: getAccounts
Arguments: [1]
2022-02-20 21:37:55,901 INFO dLog [http-nio-8080-exec-10] RETURNING: GetResponse(gotObject=[])
2022-02-20 21:37:55,901 INFO dLog [http-nio-8080-exec-10] RETURNING: GetResponse(gotObject=[])
2022-02-20 21:55:04,766 DEBUG dLog [http-nio-8080-exec-3] Class: class com.revature.thevault.presentation.controller.LoginController
Method: findLoginCredential
Arguments: [LoginRequest(username=tom1, password=tom1)]
2022-02-20 21:55:04,766 DEBUG dLog [http-nio-8080-exec-3] Class: class com.revature.thevault.service.classes.LoginService
Method: getLoginCredentialFromLogin
Arguments: [LoginRequest(username=tom1, password=tom1)]
2022-02-20 21:55:04,767 INFO dLog [http-nio-8080-exec-3] RETURNING: PostResponse(createdObject=[LoginResponseObject(userId=1, username=tom1, password=tom1)])
2022-02-20 21:55:04,767 INFO dLog [http-nio-8080-exec-3] RETURNING: PostResponse(createdObject=[LoginResponseObject(userId=1, username=tom1, password=tom1)])
2022-02-20 21:55:04,773 DEBUG dLog [http-nio-8080-exec-4] Class: class com.revature.thevault.presentation.controller.AccountProfileController
Method: getProfile
Arguments: [1]
2022-02-20 21:55:04,773 DEBUG dLog [http-nio-8080-exec-4] Class: class com.revature.thevault.service.classes.AccountProfileService
Method: getProfile
Arguments: [AccountProfileRequest(profileId=1)]
2022-02-20 21:55:04,774 INFO dLog [http-nio-8080-exec-4] RETURNING: GetResponse(gotObject=[AccountProfileResponse(profileId=1, userId=1, firstName=tom, lastName=tomy, email=tom@gmail.co, phoneNumber=655555555, address=tom11)])
2022-02-20 21:55:04,774 INFO dLog [http-nio-8080-exec-4] RETURNING: GetResponse(gotObject=[AccountProfileResponse(profileId=1, userId=1, firstName=tom, lastName=tomy, email=tom@gmail.co, phoneNumber=655555555, address=tom11)])
2022-02-20 21:55:04,780 DEBUG dLog [http-nio-8080-exec-5] Class: class com.revature.thevault.presentation.controller.AccountController
Method: getUserAccountList
Arguments: [1]
2022-02-20 21:55:04,780 DEBUG dLog [http-nio-8080-exec-5] Class: class com.revature.thevault.service.classes.AccountService
Method: getAccounts
Arguments: [1]
2022-02-20 21:55:04,781 INFO dLog [http-nio-8080-exec-5] RETURNING: GetResponse(gotObject=[])
2022-02-20 21:55:04,781 INFO dLog [http-nio-8080-exec-5] RETURNING: GetResponse(gotObject=[])
2022-02-20 22:02:21,394 DEBUG dLog [http-nio-8080-exec-7] Class: class com.revature.thevault.presentation.controller.LoginController
Method: findLoginCredential
Arguments: [LoginRequest(username=tom1, password=tom1)]
2022-02-20 22:02:21,394 DEBUG dLog [http-nio-8080-exec-7] Class: class com.revature.thevault.service.classes.LoginService
Method: getLoginCredentialFromLogin
Arguments: [LoginRequest(username=tom1, password=tom1)]
2022-02-20 22:02:21,395 INFO dLog [http-nio-8080-exec-7] RETURNING: PostResponse(createdObject=[LoginResponseObject(userId=1, username=tom1, password=tom1)])
2022-02-20 22:02:21,395 INFO dLog [http-nio-8080-exec-7] RETURNING: PostResponse(createdObject=[LoginResponseObject(userId=1, username=tom1, password=tom1)])
2022-02-20 22:02:21,400 DEBUG dLog [http-nio-8080-exec-8] Class: class com.revature.thevault.presentation.controller.AccountProfileController
Method: getProfile
Arguments: [1]
2022-02-20 22:02:21,400 DEBUG dLog [http-nio-8080-exec-8] Class: class com.revature.thevault.service.classes.AccountProfileService
Method: getProfile
Arguments: [AccountProfileRequest(profileId=1)]
2022-02-20 22:02:21,401 INFO dLog [http-nio-8080-exec-8] RETURNING: GetResponse(gotObject=[AccountProfileResponse(profileId=1, userId=1, firstName=tom, lastName=tomy, email=tom@gmail.co, phoneNumber=655555555, address=tom11)])
2022-02-20 22:02:21,401 INFO dLog [http-nio-8080-exec-8] RETURNING: GetResponse(gotObject=[AccountProfileResponse(profileId=1, userId=1, firstName=tom, lastName=tomy, email=tom@gmail.co, phoneNumber=655555555, address=tom11)])
2022-02-20 22:02:21,406 DEBUG dLog [http-nio-8080-exec-9] Class: class com.revature.thevault.presentation.controller.AccountController
Method: getUserAccountList
Arguments: [1]
2022-02-20 22:02:21,406 DEBUG dLog [http-nio-8080-exec-9] Class: class com.revature.thevault.service.classes.AccountService
Method: getAccounts
Arguments: [1]
2022-02-20 22:02:21,407 INFO dLog [http-nio-8080-exec-9] RETURNING: GetResponse(gotObject=[])
2022-02-20 22:02:21,407 INFO dLog [http-nio-8080-exec-9] RETURNING: GetResponse(gotObject=[])
2022-02-20 22:02:47,619 DEBUG dLog [http-nio-8080-exec-10] Class: class com.revature.thevault.presentation.controller.LoginController
Method: findLoginCredential
Arguments: [LoginRequest(username=tom1, password=tom1)]
2022-02-20 22:02:47,620 DEBUG dLog [http-nio-8080-exec-10] Class: class com.revature.thevault.service.classes.LoginService
Method: getLoginCredentialFromLogin
Arguments: [LoginRequest(username=tom1, password=tom1)]
2022-02-20 22:02:47,621 INFO dLog [http-nio-8080-exec-10] RETURNING: PostResponse(createdObject=[LoginResponseObject(userId=1, username=tom1, password=tom1)])
2022-02-20 22:02:47,621 INFO dLog [http-nio-8080-exec-10] RETURNING: PostResponse(createdObject=[LoginResponseObject(userId=1, username=tom1, password=tom1)])
2022-02-20 22:02:47,627 DEBUG dLog [http-nio-8080-exec-1] Class: class com.revature.thevault.presentation.controller.AccountProfileController
Method: getProfile
Arguments: [1]
2022-02-20 22:02:47,627 DEBUG dLog [http-nio-8080-exec-1] Class: class com.revature.thevault.service.classes.AccountProfileService
Method: getProfile
Arguments: [AccountProfileRequest(profileId=1)]
2022-02-20 22:02:47,629 INFO dLog [http-nio-8080-exec-1] RETURNING: GetResponse(gotObject=[AccountProfileResponse(profileId=1, userId=1, firstName=tom, lastName=tomy, email=tom@gmail.co, phoneNumber=655555555, address=tom11)])
2022-02-20 22:02:47,629 INFO dLog [http-nio-8080-exec-1] RETURNING: GetResponse(gotObject=[AccountProfileResponse(profileId=1, userId=1, firstName=tom, lastName=tomy, email=tom@gmail.co, phoneNumber=655555555, address=tom11)])
2022-02-20 22:02:47,633 DEBUG dLog [http-nio-8080-exec-2] Class: class com.revature.thevault.presentation.controller.AccountController
Method: getUserAccountList
Arguments: [1]
2022-02-20 22:02:47,633 DEBUG dLog [http-nio-8080-exec-2] Class: class com.revature.thevault.service.classes.AccountService
Method: getAccounts
Arguments: [1]
2022-02-20 22:02:47,634 INFO dLog [http-nio-8080-exec-2] RETURNING: GetResponse(gotObject=[])
2022-02-20 22:02:47,634 INFO dLog [http-nio-8080-exec-2] RETURNING: GetResponse(gotObject=[])
2022-02-20 22:04:39,577 DEBUG dLog [http-nio-8080-exec-5] Class: class com.revature.thevault.presentation.controller.AccountController
Method: createAccount
Arguments: [CreateAccountRequest(userId=1, accountType=Checking)]
2022-02-20 22:04:39,577 DEBUG dLog [http-nio-8080-exec-5] Class: class com.revature.thevault.service.classes.AccountService
Method: createAccount
Arguments: [CreateAccountRequest(userId=1, accountType=Checking)]
2022-02-20 22:04:39,577 DEBUG dLog [http-nio-8080-exec-5] Class: class com.revature.thevault.service.classes.AccountTypeService
Method: findAccountTypeEntityByName
Arguments: [Checking]
2022-02-20 22:04:39,578 INFO dLog [http-nio-8080-exec-5] RETURNING: AccountTypeEntity(pk_account_type_id=1, name=Checking)
2022-02-20 22:04:39,580 INFO dLog [http-nio-8080-exec-5] RETURNING: PostResponse(createdObject=[AccountResponseObject(accountId=3, userId=1, accountType=Checking, availableBalance=0.0, pendingBalance=0.0)])
2022-02-20 22:04:39,580 INFO dLog [http-nio-8080-exec-5] RETURNING: PostResponse(createdObject=[AccountResponseObject(accountId=3, userId=1, accountType=Checking, availableBalance=0.0, pendingBalance=0.0)])
2022-02-20 22:11:35,664 DEBUG dLog [http-nio-8080-exec-7] Class: class com.revature.thevault.presentation.controller.LoginController
Method: findLoginCredential
Arguments: [LoginRequest(username=tom1, password=tom1)]
2022-02-20 22:11:35,664 DEBUG dLog [http-nio-8080-exec-7] Class: class com.revature.thevault.service.classes.LoginService
Method: getLoginCredentialFromLogin
Arguments: [LoginRequest(username=tom1, password=tom1)]
2022-02-20 22:11:35,665 INFO dLog [http-nio-8080-exec-7] RETURNING: PostResponse(createdObject=[LoginResponseObject(userId=1, username=tom1, password=tom1)])
2022-02-20 22:11:35,665 INFO dLog [http-nio-8080-exec-7] RETURNING: PostResponse(createdObject=[LoginResponseObject(userId=1, username=tom1, password=tom1)])
2022-02-20 22:11:35,671 DEBUG dLog [http-nio-8080-exec-8] Class: class com.revature.thevault.presentation.controller.AccountProfileController
Method: getProfile
Arguments: [1]
2022-02-20 22:11:35,671 DEBUG dLog [http-nio-8080-exec-8] Class: class com.revature.thevault.service.classes.AccountProfileService
Method: getProfile
Arguments: [AccountProfileRequest(profileId=1)]
2022-02-20 22:11:35,672 INFO dLog [http-nio-8080-exec-8] RETURNING: GetResponse(gotObject=[AccountProfileResponse(profileId=1, userId=1, firstName=tom, lastName=tomy, email=tom@gmail.co, phoneNumber=655555555, address=tom11)])
2022-02-20 22:11:35,672 INFO dLog [http-nio-8080-exec-8] RETURNING: GetResponse(gotObject=[AccountProfileResponse(profileId=1, userId=1, firstName=tom, lastName=tomy, email=tom@gmail.co, phoneNumber=655555555, address=tom11)])
2022-02-20 22:11:35,677 DEBUG dLog [http-nio-8080-exec-9] Class: class com.revature.thevault.presentation.controller.AccountController
Method: getUserAccountList
Arguments: [1]
2022-02-20 22:11:35,677 DEBUG dLog [http-nio-8080-exec-9] Class: class com.revature.thevault.service.classes.AccountService
Method: getAccounts
Arguments: [1]
2022-02-20 22:11:35,678 INFO dLog [http-nio-8080-exec-9] RETURNING: GetResponse(gotObject=[AccountResponseObject(accountId=3, userId=1, accountType=Checking, availableBalance=0.0, pendingBalance=0.0)])
2022-02-20 22:11:35,678 INFO dLog [http-nio-8080-exec-9] RETURNING: GetResponse(gotObject=[AccountResponseObject(accountId=3, userId=1, accountType=Checking, availableBalance=0.0, pendingBalance=0.0)])
2022-02-20 22:11:39,046 DEBUG dLog [http-nio-8080-exec-1] Class: class com.revature.thevault.presentation.controller.DepositController
Method: deleteAllDeposits
Arguments: [3]
2022-02-20 22:11:39,046 DEBUG dLog [http-nio-8080-exec-1] Class: class com.revature.thevault.service.classes.DepositService
Method: deleteAllDeposits
Arguments: [3]
2022-02-20 22:11:39,047 INFO dLog [http-nio-8080-exec-1] RETURNING: DeleteResponse(deletedObject=[])
2022-02-20 22:11:39,047 INFO dLog [http-nio-8080-exec-1] RETURNING: DeleteResponse(deletedObject=[])
2022-02-20 22:11:39,054 DEBUG dLog [http-nio-8080-exec-3] Class: class com.revature.thevault.presentation.controller.WithdrawController
Method: deleteAllWithdraws
Arguments: [3]
2022-02-20 22:11:39,054 DEBUG dLog [http-nio-8080-exec-3] Class: class com.revature.thevault.service.classes.WithdrawService
Method: deleteAllWithdraws
Arguments: [3]
2022-02-20 22:11:39,055 INFO dLog [http-nio-8080-exec-3] RETURNING: DeleteResponse(deletedObject=[])
2022-02-20 22:11:39,055 INFO dLog [http-nio-8080-exec-3] RETURNING: DeleteResponse(deletedObject=[])
2022-02-20 22:11:39,061 DEBUG dLog [http-nio-8080-exec-5] Class: class com.revature.thevault.presentation.controller.AccountController
Method: deleteAccount
Arguments: [3]
2022-02-20 22:11:39,061 DEBUG dLog [http-nio-8080-exec-5] Class: class com.revature.thevault.service.classes.AccountService
Method: deleteAccount
Arguments: [3]
2022-02-20 22:11:39,063 INFO dLog [http-nio-8080-exec-5] RETURNING: DeleteResponse(deletedObject=[AccountResponseObject(accountId=3, userId=1, accountType=Checking, availableBalance=0.0, pendingBalance=0.0)])
2022-02-20 22:11:39,063 INFO dLog [http-nio-8080-exec-5] RETURNING: DeleteResponse(deletedObject=[AccountResponseObject(accountId=3, userId=1, accountType=Checking, availableBalance=0.0, pendingBalance=0.0)])
2022-02-20 22:11:43,371 DEBUG dLog [http-nio-8080-exec-6] Class: class com.revature.thevault.presentation.controller.TransactionController
Method: getTransactionHistory
Arguments: [3]
2022-02-20 22:11:43,371 DEBUG dLog [http-nio-8080-exec-6] Class: class com.revature.thevault.service.classes.TransactionService
Method: getTransactionHistory
Arguments: [3]
2022-02-20 22:11:43,371 DEBUG dLog [http-nio-8080-exec-6] Class: class com.revature.thevault.service.classes.DepositService
Method: getAllUserDeposits
Arguments: [3]
2022-02-20 22:11:43,372 INFO dLog [http-nio-8080-exec-6] RETURNING: GetResponse(gotObject=[])
2022-02-20 22:11:43,372 DEBUG dLog [http-nio-8080-exec-6] Class: class com.revature.thevault.service.classes.WithdrawService
Method: getAllUserWithdrawals
Arguments: [3]
2022-02-20 22:11:43,372 INFO dLog [http-nio-8080-exec-6] RETURNING: GetResponse(gotObject=[])
2022-02-20 22:11:43,372 INFO dLog [http-nio-8080-exec-6] RETURNING: GetResponse(gotObject=[])
2022-02-20 22:11:43,372 INFO dLog [http-nio-8080-exec-6] RETURNING: GetResponse(gotObject=[])
2022-02-20 22:11:52,288 DEBUG dLog [http-nio-8080-exec-8] Class: class com.revature.thevault.presentation.controller.DepositController
Method: createDeposit
Arguments: [DepositRequest(depositType=, accountId=3, reference=, amount=0.0)]
2022-02-20 22:11:52,289 DEBUG dLog [http-nio-8080-exec-8] Class: class com.revature.thevault.service.classes.DepositService
Method: createDeposit
Arguments: [DepositRequest(depositType=, accountId=3, reference=, amount=0.0)]
2022-02-20 22:11:52,289 DEBUG dLog [http-nio-8080-exec-8] Class: class com.revature.thevault.service.classes.DepositTypeService
Method: findDepositTypeEntityByName
Arguments: []
2022-02-20 22:11:52,293 INFO dLog [http-nio-8080-exec-8] Returning: NULL VALUE
2022-02-20 22:11:52,312 ERROR dLog [http-nio-8080-exec-8] CONTROLLER CLASS: class com.revature.thevault.service.classes.DepositService
THROWING EXCEPTION: class com.revature.thevault.service.exceptions.InvalidRequestException
2022-02-20 22:11:52,312 ERROR dLog [http-nio-8080-exec-8] CONTROLLER CLASS: class com.revature.thevault.presentation.controller.DepositController
THROWING EXCEPTION: class com.revature.thevault.service.exceptions.InvalidRequestException
2022-02-20 22:11:56,622 DEBUG dLog [http-nio-8080-exec-9] Class: class com.revature.thevault.presentation.controller.LoginController
Method: findLoginCredential
Arguments: [LoginRequest(username=tom1, password=tom1)]
2022-02-20 22:11:56,622 DEBUG dLog [http-nio-8080-exec-9] Class: class com.revature.thevault.service.classes.LoginService
Method: getLoginCredentialFromLogin
Arguments: [LoginRequest(username=tom1, password=tom1)]
2022-02-20 22:11:56,623 INFO dLog [http-nio-8080-exec-9] RETURNING: PostResponse(createdObject=[LoginResponseObject(userId=1, username=tom1, password=tom1)])
2022-02-20 22:11:56,623 INFO dLog [http-nio-8080-exec-9] RETURNING: PostResponse(createdObject=[LoginResponseObject(userId=1, username=tom1, password=tom1)])
2022-02-20 22:11:56,629 DEBUG dLog [http-nio-8080-exec-10] Class: class com.revature.thevault.presentation.controller.AccountProfileController
Method: getProfile
Arguments: [1]
2022-02-20 22:11:56,629 DEBUG dLog [http-nio-8080-exec-10] Class: class com.revature.thevault.service.classes.AccountProfileService
Method: getProfile
Arguments: [AccountProfileRequest(profileId=1)]
2022-02-20 22:11:56,630 INFO dLog [http-nio-8080-exec-10] RETURNING: GetResponse(gotObject=[AccountProfileResponse(profileId=1, userId=1, firstName=tom, lastName=tomy, email=tom@gmail.co, phoneNumber=655555555, address=tom11)])
2022-02-20 22:11:56,630 INFO dLog [http-nio-8080-exec-10] RETURNING: GetResponse(gotObject=[AccountProfileResponse(profileId=1, userId=1, firstName=tom, lastName=tomy, email=tom@gmail.co, phoneNumber=655555555, address=tom11)])
2022-02-20 22:11:56,635 DEBUG dLog [http-nio-8080-exec-1] Class: class com.revature.thevault.presentation.controller.AccountController
Method: getUserAccountList
Arguments: [1]
2022-02-20 22:11:56,635 DEBUG dLog [http-nio-8080-exec-1] Class: class com.revature.thevault.service.classes.AccountService
Method: getAccounts
Arguments: [1]
2022-02-20 22:11:56,636 INFO dLog [http-nio-8080-exec-1] RETURNING: GetResponse(gotObject=[])
2022-02-20 22:11:56,636 INFO dLog [http-nio-8080-exec-1] RETURNING: GetResponse(gotObject=[])
2022-02-20 22:14:20,338 DEBUG dLog [http-nio-8080-exec-3] Class: class com.revature.thevault.presentation.controller.LoginController
Method: findLoginCredential
Arguments: [LoginRequest(username=tom1, password=tom1)]
2022-02-20 22:14:20,338 DEBUG dLog [http-nio-8080-exec-3] Class: class com.revature.thevault.service.classes.LoginService
Method: getLoginCredentialFromLogin
Arguments: [LoginRequest(username=tom1, password=tom1)]
2022-02-20 22:14:20,339 INFO dLog [http-nio-8080-exec-3] RETURNING: PostResponse(createdObject=[LoginResponseObject(userId=1, username=tom1, password=tom1)])
2022-02-20 22:14:20,339 INFO dLog [http-nio-8080-exec-3] RETURNING: PostResponse(createdObject=[LoginResponseObject(userId=1, username=tom1, password=tom1)])
2022-02-20 22:14:20,344 DEBUG dLog [http-nio-8080-exec-4] Class: class com.revature.thevault.presentation.controller.AccountProfileController
Method: getProfile
Arguments: [1]
2022-02-20 22:14:20,344 DEBUG dLog [http-nio-8080-exec-4] Class: class com.revature.thevault.service.classes.AccountProfileService
Method: getProfile
Arguments: [AccountProfileRequest(profileId=1)]
2022-02-20 22:14:20,345 INFO dLog [http-nio-8080-exec-4] RETURNING: GetResponse(gotObject=[AccountProfileResponse(profileId=1, userId=1, firstName=tom, lastName=tomy, email=tom@gmail.co, phoneNumber=655555555, address=tom11)])
2022-02-20 22:14:20,345 INFO dLog [http-nio-8080-exec-4] RETURNING: GetResponse(gotObject=[AccountProfileResponse(profileId=1, userId=1, firstName=tom, lastName=tomy, email=tom@gmail.co, phoneNumber=655555555, address=tom11)])
2022-02-20 22:14:20,349 DEBUG dLog [http-nio-8080-exec-5] Class: class com.revature.thevault.presentation.controller.AccountController
Method: getUserAccountList
Arguments: [1]
2022-02-20 22:14:20,349 DEBUG dLog [http-nio-8080-exec-5] Class: class com.revature.thevault.service.classes.AccountService
Method: getAccounts
Arguments: [1]
2022-02-20 22:14:20,350 INFO dLog [http-nio-8080-exec-5] RETURNING: GetResponse(gotObject=[])
2022-02-20 22:14:20,350 INFO dLog [http-nio-8080-exec-5] RETURNING: GetResponse(gotObject=[])
2022-02-20 22:14:51,879 DEBUG dLog [http-nio-8080-exec-6] Class: class com.revature.thevault.presentation.controller.LoginController
Method: findLoginCredential
Arguments: [LoginRequest(username=tom1, password=tom1)]
2022-02-20 22:14:51,879 DEBUG dLog [http-nio-8080-exec-6] Class: class com.revature.thevault.service.classes.LoginService
Method: getLoginCredentialFromLogin
Arguments: [LoginRequest(username=tom1, password=tom1)]
2022-02-20 22:14:51,880 INFO dLog [http-nio-8080-exec-6] RETURNING: PostResponse(createdObject=[LoginResponseObject(userId=1, username=tom1, password=tom1)])
2022-02-20 22:14:51,880 INFO dLog [http-nio-8080-exec-6] RETURNING: PostResponse(createdObject=[LoginResponseObject(userId=1, username=tom1, password=tom1)])
2022-02-20 22:14:51,885 DEBUG dLog [http-nio-8080-exec-7] Class: class com.revature.thevault.presentation.controller.AccountProfileController
Method: getProfile
Arguments: [1]
2022-02-20 22:14:51,885 DEBUG dLog [http-nio-8080-exec-7] Class: class com.revature.thevault.service.classes.AccountProfileService
Method: getProfile
Arguments: [AccountProfileRequest(profileId=1)]
2022-02-20 22:14:51,886 INFO dLog [http-nio-8080-exec-7] RETURNING: GetResponse(gotObject=[AccountProfileResponse(profileId=1, userId=1, firstName=tom, lastName=tomy, email=tom@gmail.co, phoneNumber=655555555, address=tom11)])
2022-02-20 22:14:51,886 INFO dLog [http-nio-8080-exec-7] RETURNING: GetResponse(gotObject=[AccountProfileResponse(profileId=1, userId=1, firstName=tom, lastName=tomy, email=tom@gmail.co, phoneNumber=655555555, address=tom11)])
2022-02-20 22:14:51,890 DEBUG dLog [http-nio-8080-exec-8] Class: class com.revature.thevault.presentation.controller.AccountController
Method: getUserAccountList
Arguments: [1]
2022-02-20 22:14:51,890 DEBUG dLog [http-nio-8080-exec-8] Class: class com.revature.thevault.service.classes.AccountService
Method: getAccounts
Arguments: [1]
2022-02-20 22:14:51,891 INFO dLog [http-nio-8080-exec-8] RETURNING: GetResponse(gotObject=[])
2022-02-20 22:14:51,891 INFO dLog [http-nio-8080-exec-8] RETURNING: GetResponse(gotObject=[])
2022-02-20 22:15:07,008 DEBUG dLog [http-nio-8080-exec-9] Class: class com.revature.thevault.presentation.controller.AccountController
Method: createAccount
Arguments: [CreateAccountRequest(userId=1, accountType=)]
2022-02-20 22:15:07,008 DEBUG dLog [http-nio-8080-exec-9] Class: class com.revature.thevault.service.classes.AccountService
Method: createAccount
Arguments: [CreateAccountRequest(userId=1, accountType=)]
2022-02-20 22:15:07,008 DEBUG dLog [http-nio-8080-exec-9] Class: class com.revature.thevault.service.classes.AccountTypeService
Method: findAccountTypeEntityByName
Arguments: []
2022-02-20 22:15:07,009 ERROR dLog [http-nio-8080-exec-9] CONTROLLER CLASS: class com.revature.thevault.service.classes.AccountTypeService
THROWING EXCEPTION: class com.revature.thevault.service.exceptions.InvalidAccountTypeException
2022-02-20 22:15:07,009 ERROR dLog [http-nio-8080-exec-9] CONTROLLER CLASS: class com.revature.thevault.service.classes.AccountService
THROWING EXCEPTION: class com.revature.thevault.service.exceptions.InvalidAccountTypeException
2022-02-20 22:15:07,009 ERROR dLog [http-nio-8080-exec-9] CONTROLLER CLASS: class com.revature.thevault.presentation.controller.AccountController
THROWING EXCEPTION: class com.revature.thevault.service.exceptions.InvalidAccountTypeException
2022-02-20 22:15:09,228 DEBUG dLog [http-nio-8080-exec-10] Class: class com.revature.thevault.presentation.controller.AccountController
Method: createAccount
Arguments: [CreateAccountRequest(userId=1, accountType=Checking)]
2022-02-20 22:15:09,228 DEBUG dLog [http-nio-8080-exec-10] Class: class com.revature.thevault.service.classes.AccountService
Method: createAccount
Arguments: [CreateAccountRequest(userId=1, accountType=Checking)]
2022-02-20 22:15:09,228 DEBUG dLog [http-nio-8080-exec-10] Class: class com.revature.thevault.service.classes.AccountTypeService
Method: findAccountTypeEntityByName
Arguments: [Checking]
2022-02-20 22:15:09,229 INFO dLog [http-nio-8080-exec-10] RETURNING: AccountTypeEntity(pk_account_type_id=1, name=Checking)
2022-02-20 22:15:09,230 INFO dLog [http-nio-8080-exec-10] RETURNING: PostResponse(createdObject=[AccountResponseObject(accountId=4, userId=1, accountType=Checking, availableBalance=0.0, pendingBalance=0.0)])
2022-02-20 22:15:09,230 INFO dLog [http-nio-8080-exec-10] RETURNING: PostResponse(createdObject=[AccountResponseObject(accountId=4, userId=1, accountType=Checking, availableBalance=0.0, pendingBalance=0.0)])
2022-02-20 22:15:26,391 DEBUG dLog [http-nio-8080-exec-1] Class: class com.revature.thevault.presentation.controller.LoginController
Method: findLoginCredential
Arguments: [LoginRequest(username=tom1, password=tom1)]
2022-02-20 22:15:26,392 DEBUG dLog [http-nio-8080-exec-1] Class: class com.revature.thevault.service.classes.LoginService
Method: getLoginCredentialFromLogin
Arguments: [LoginRequest(username=tom1, password=tom1)]
2022-02-20 22:15:26,393 INFO dLog [http-nio-8080-exec-1] RETURNING: PostResponse(createdObject=[LoginResponseObject(userId=1, username=tom1, password=tom1)])
2022-02-20 22:15:26,393 INFO dLog [http-nio-8080-exec-1] RETURNING: PostResponse(createdObject=[LoginResponseObject(userId=1, username=tom1, password=tom1)])
2022-02-20 22:15:26,398 DEBUG dLog [http-nio-8080-exec-2] Class: class com.revature.thevault.presentation.controller.AccountProfileController
Method: getProfile
Arguments: [1]
2022-02-20 22:15:26,398 DEBUG dLog [http-nio-8080-exec-2] Class: class com.revature.thevault.service.classes.AccountProfileService
Method: getProfile
Arguments: [AccountProfileRequest(profileId=1)]
2022-02-20 22:15:26,399 INFO dLog [http-nio-8080-exec-2] RETURNING: GetResponse(gotObject=[AccountProfileResponse(profileId=1, userId=1, firstName=tom, lastName=tomy, email=tom@gmail.co, phoneNumber=655555555, address=tom11)])
2022-02-20 22:15:26,399 INFO dLog [http-nio-8080-exec-2] RETURNING: GetResponse(gotObject=[AccountProfileResponse(profileId=1, userId=1, firstName=tom, lastName=tomy, email=tom@gmail.co, phoneNumber=655555555, address=tom11)])
2022-02-20 22:15:26,403 DEBUG dLog [http-nio-8080-exec-3] Class: class com.revature.thevault.presentation.controller.AccountController
Method: getUserAccountList
Arguments: [1]
2022-02-20 22:15:26,403 DEBUG dLog [http-nio-8080-exec-3] Class: class com.revature.thevault.service.classes.AccountService
Method: getAccounts
Arguments: [1]
2022-02-20 22:15:26,405 INFO dLog [http-nio-8080-exec-3] RETURNING: GetResponse(gotObject=[AccountResponseObject(accountId=4, userId=1, accountType=Checking, availableBalance=0.0, pendingBalance=0.0)])
2022-02-20 22:15:26,405 INFO dLog [http-nio-8080-exec-3] RETURNING: GetResponse(gotObject=[AccountResponseObject(accountId=4, userId=1, accountType=Checking, availableBalance=0.0, pendingBalance=0.0)])
2022-02-20 22:15:28,416 DEBUG dLog [http-nio-8080-exec-5] Class: class com.revature.thevault.presentation.controller.DepositController
Method: deleteAllDeposits
Arguments: [4]
2022-02-20 22:15:28,416 DEBUG dLog [http-nio-8080-exec-5] Class: class com.revature.thevault.service.classes.DepositService
Method: deleteAllDeposits
Arguments: [4]
2022-02-20 22:15:28,417 INFO dLog [http-nio-8080-exec-5] RETURNING: DeleteResponse(deletedObject=[])
2022-02-20 22:15:28,417 INFO dLog [http-nio-8080-exec-5] RETURNING: DeleteResponse(deletedObject=[])
2022-02-20 22:15:28,422 DEBUG dLog [http-nio-8080-exec-7] Class: class com.revature.thevault.presentation.controller.WithdrawController
Method: deleteAllWithdraws
Arguments: [4]
2022-02-20 22:15:28,422 DEBUG dLog [http-nio-8080-exec-7] Class: class com.revature.thevault.service.classes.WithdrawService
Method: deleteAllWithdraws
Arguments: [4]
2022-02-20 22:15:28,423 INFO dLog [http-nio-8080-exec-7] RETURNING: DeleteResponse(deletedObject=[])
2022-02-20 22:15:28,423 INFO dLog [http-nio-8080-exec-7] RETURNING: DeleteResponse(deletedObject=[])
2022-02-20 22:15:28,428 DEBUG dLog [http-nio-8080-exec-9] Class: class com.revature.thevault.presentation.controller.AccountController
Method: deleteAccount
Arguments: [4]
2022-02-20 22:15:28,428 DEBUG dLog [http-nio-8080-exec-9] Class: class com.revature.thevault.service.classes.AccountService
Method: deleteAccount
Arguments: [4]
2022-02-20 22:15:28,430 INFO dLog [http-nio-8080-exec-9] RETURNING: DeleteResponse(deletedObject=[AccountResponseObject(accountId=4, userId=1, accountType=Checking, availableBalance=0.0, pendingBalance=0.0)])
2022-02-20 22:15:28,430 INFO dLog [http-nio-8080-exec-9] RETURNING: DeleteResponse(deletedObject=[AccountResponseObject(accountId=4, userId=1, accountType=Checking, availableBalance=0.0, pendingBalance=0.0)])
2022-02-20 22:16:44,512 DEBUG dLog [http-nio-8080-exec-1] Class: class com.revature.thevault.presentation.controller.LoginController
Method: findLoginCredential
Arguments: [LoginRequest(username=tom1, password=tom1)]
2022-02-20 22:16:44,513 DEBUG dLog [http-nio-8080-exec-1] Class: class com.revature.thevault.service.classes.LoginService
Method: getLoginCredentialFromLogin
Arguments: [LoginRequest(username=tom1, password=tom1)]
2022-02-20 22:16:44,514 INFO dLog [http-nio-8080-exec-1] RETURNING: PostResponse(createdObject=[LoginResponseObject(userId=1, username=tom1, password=tom1)])
2022-02-20 22:16:44,514 INFO dLog [http-nio-8080-exec-1] RETURNING: PostResponse(createdObject=[LoginResponseObject(userId=1, username=tom1, password=tom1)])
2022-02-20 22:16:44,519 DEBUG dLog [http-nio-8080-exec-2] Class: class com.revature.thevault.presentation.controller.AccountProfileController
Method: getProfile
Arguments: [1]
2022-02-20 22:16:44,519 DEBUG dLog [http-nio-8080-exec-2] Class: class com.revature.thevault.service.classes.AccountProfileService
Method: getProfile
Arguments: [AccountProfileRequest(profileId=1)]
2022-02-20 22:16:44,521 INFO dLog [http-nio-8080-exec-2] RETURNING: GetResponse(gotObject=[AccountProfileResponse(profileId=1, userId=1, firstName=tom, lastName=tomy, email=tom@gmail.co, phoneNumber=655555555, address=tom11)])
2022-02-20 22:16:44,521 INFO dLog [http-nio-8080-exec-2] RETURNING: GetResponse(gotObject=[AccountProfileResponse(profileId=1, userId=1, firstName=tom, lastName=tomy, email=tom@gmail.co, phoneNumber=655555555, address=tom11)])
2022-02-20 22:16:44,526 DEBUG dLog [http-nio-8080-exec-3] Class: class com.revature.thevault.presentation.controller.AccountController
Method: getUserAccountList
Arguments: [1]
2022-02-20 22:16:44,526 DEBUG dLog [http-nio-8080-exec-3] Class: class com.revature.thevault.service.classes.AccountService
Method: getAccounts
Arguments: [1]
2022-02-20 22:16:44,527 INFO dLog [http-nio-8080-exec-3] RETURNING: GetResponse(gotObject=[])
2022-02-20 22:16:44,527 INFO dLog [http-nio-8080-exec-3] RETURNING: GetResponse(gotObject=[])
2022-02-20 22:17:20,528 DEBUG dLog [http-nio-8080-exec-4] Class: class com.revature.thevault.presentation.controller.LoginController
Method: findLoginCredential
Arguments: [LoginRequest(username=tom1, password=tom1)]
2022-02-20 22:17:20,528 DEBUG dLog [http-nio-8080-exec-4] Class: class com.revature.thevault.service.classes.LoginService
Method: getLoginCredentialFromLogin
Arguments: [LoginRequest(username=tom1, password=tom1)]
2022-02-20 22:17:20,529 INFO dLog [http-nio-8080-exec-4] RETURNING: PostResponse(createdObject=[LoginResponseObject(userId=1, username=tom1, password=tom1)])
2022-02-20 22:17:20,530 INFO dLog [http-nio-8080-exec-4] RETURNING: PostResponse(createdObject=[LoginResponseObject(userId=1, username=tom1, password=tom1)])
2022-02-20 22:17:20,534 DEBUG dLog [http-nio-8080-exec-5] Class: class com.revature.thevault.presentation.controller.AccountProfileController
Method: getProfile
Arguments: [1]
2022-02-20 22:17:20,534 DEBUG dLog [http-nio-8080-exec-5] Class: class com.revature.thevault.service.classes.AccountProfileService
Method: getProfile
Arguments: [AccountProfileRequest(profileId=1)]
2022-02-20 22:17:20,535 INFO dLog [http-nio-8080-exec-5] RETURNING: GetResponse(gotObject=[AccountProfileResponse(profileId=1, userId=1, firstName=tom, lastName=tomy, email=tom@gmail.co, phoneNumber=655555555, address=tom11)])
2022-02-20 22:17:20,535 INFO dLog [http-nio-8080-exec-5] RETURNING: GetResponse(gotObject=[AccountProfileResponse(profileId=1, userId=1, firstName=tom, lastName=tomy, email=tom@gmail.co, phoneNumber=655555555, address=tom11)])
2022-02-20 22:17:20,540 DEBUG dLog [http-nio-8080-exec-6] Class: class com.revature.thevault.presentation.controller.AccountController
Method: getUserAccountList
Arguments: [1]
2022-02-20 22:17:20,540 DEBUG dLog [http-nio-8080-exec-6] Class: class com.revature.thevault.service.classes.AccountService
Method: getAccounts
Arguments: [1]
2022-02-20 22:17:20,540 INFO dLog [http-nio-8080-exec-6] RETURNING: GetResponse(gotObject=[])
2022-02-20 22:17:20,540 INFO dLog [http-nio-8080-exec-6] RETURNING: GetResponse(gotObject=[])
2022-02-20 22:18:27,105 DEBUG dLog [http-nio-8080-exec-8] Class: class com.revature.thevault.presentation.controller.LoginController
Method: findLoginCredential
Arguments: [LoginRequest(username=tom1, password=tom1)]
2022-02-20 22:18:27,105 DEBUG dLog [http-nio-8080-exec-8] Class: class com.revature.thevault.service.classes.LoginService
Method: getLoginCredentialFromLogin
Arguments: [LoginRequest(username=tom1, password=tom1)]
2022-02-20 22:18:27,106 INFO dLog [http-nio-8080-exec-8] RETURNING: PostResponse(createdObject=[LoginResponseObject(userId=1, username=tom1, password=tom1)])
2022-02-20 22:18:27,106 INFO dLog [http-nio-8080-exec-8] RETURNING: PostResponse(createdObject=[LoginResponseObject(userId=1, username=tom1, password=tom1)])
2022-02-20 22:18:27,111 DEBUG dLog [http-nio-8080-exec-9] Class: class com.revature.thevault.presentation.controller.AccountProfileController
Method: getProfile
Arguments: [1]
2022-02-20 22:18:27,111 DEBUG dLog [http-nio-8080-exec-9] Class: class com.revature.thevault.service.classes.AccountProfileService
Method: getProfile
Arguments: [AccountProfileRequest(profileId=1)]
2022-02-20 22:18:27,112 INFO dLog [http-nio-8080-exec-9] RETURNING: GetResponse(gotObject=[AccountProfileResponse(profileId=1, userId=1, firstName=tom, lastName=tomy, email=tom@gmail.co, phoneNumber=655555555, address=tom11)])
2022-02-20 22:18:27,112 INFO dLog [http-nio-8080-exec-9] RETURNING: GetResponse(gotObject=[AccountProfileResponse(profileId=1, userId=1, firstName=tom, lastName=tomy, email=tom@gmail.co, phoneNumber=655555555, address=tom11)])
2022-02-20 22:18:27,116 DEBUG dLog [http-nio-8080-exec-10] Class: class com.revature.thevault.presentation.controller.AccountController
Method: getUserAccountList
Arguments: [1]
2022-02-20 22:18:27,116 DEBUG dLog [http-nio-8080-exec-10] Class: class com.revature.thevault.service.classes.AccountService
Method: getAccounts
Arguments: [1]
2022-02-20 22:18:27,117 INFO dLog [http-nio-8080-exec-10] RETURNING: GetResponse(gotObject=[])
2022-02-20 22:18:27,117 INFO dLog [http-nio-8080-exec-10] RETURNING: GetResponse(gotObject=[])
2022-02-20 22:23:37,544 DEBUG dLog [http-nio-8080-exec-2] Class: class com.revature.thevault.presentation.controller.LoginController
Method: findLoginCredential
Arguments: [LoginRequest(username=tom1, password=tom1)]
2022-02-20 22:23:37,545 DEBUG dLog [http-nio-8080-exec-2] Class: class com.revature.thevault.service.classes.LoginService
Method: getLoginCredentialFromLogin
Arguments: [LoginRequest(username=tom1, password=tom1)]
2022-02-20 22:23:37,546 INFO dLog [http-nio-8080-exec-2] RETURNING: PostResponse(createdObject=[LoginResponseObject(userId=1, username=tom1, password=tom1)])
2022-02-20 22:23:37,546 INFO dLog [http-nio-8080-exec-2] RETURNING: PostResponse(createdObject=[LoginResponseObject(userId=1, username=tom1, password=tom1)])
2022-02-20 22:23:37,551 DEBUG dLog [http-nio-8080-exec-3] Class: class com.revature.thevault.presentation.controller.AccountProfileController
Method: getProfile
Arguments: [1]
2022-02-20 22:23:37,552 DEBUG dLog [http-nio-8080-exec-3] Class: class com.revature.thevault.service.classes.AccountProfileService
Method: getProfile
Arguments: [AccountProfileRequest(profileId=1)]
2022-02-20 22:23:37,553 INFO dLog [http-nio-8080-exec-3] RETURNING: GetResponse(gotObject=[AccountProfileResponse(profileId=1, userId=1, firstName=tom, lastName=tomy, email=tom@gmail.co, phoneNumber=655555555, address=tom11)])
2022-02-20 22:23:37,553 INFO dLog [http-nio-8080-exec-3] RETURNING: GetResponse(gotObject=[AccountProfileResponse(profileId=1, userId=1, firstName=tom, lastName=tomy, email=tom@gmail.co, phoneNumber=655555555, address=tom11)])
2022-02-20 22:23:37,558 DEBUG dLog [http-nio-8080-exec-4] Class: class com.revature.thevault.presentation.controller.AccountController
Method: getUserAccountList
Arguments: [1]
2022-02-20 22:23:37,558 DEBUG dLog [http-nio-8080-exec-4] Class: class com.revature.thevault.service.classes.AccountService
Method: getAccounts
Arguments: [1]
2022-02-20 22:23:37,559 INFO dLog [http-nio-8080-exec-4] RETURNING: GetResponse(gotObject=[])
2022-02-20 22:23:37,559 INFO dLog [http-nio-8080-exec-4] RETURNING: GetResponse(gotObject=[])
2022-02-20 22:32:39,896 DEBUG dLog [http-nio-8080-exec-7] Class: class com.revature.thevault.presentation.controller.LoginController
Method: findLoginCredential
Arguments: [LoginRequest(username=tom1, password=tom1)]
2022-02-20 22:32:39,896 DEBUG dLog [http-nio-8080-exec-7] Class: class com.revature.thevault.service.classes.LoginService
Method: getLoginCredentialFromLogin
Arguments: [LoginRequest(username=tom1, password=tom1)]
2022-02-20 22:32:39,898 INFO dLog [http-nio-8080-exec-7] RETURNING: PostResponse(createdObject=[LoginResponseObject(userId=1, username=tom1, password=tom1)])
2022-02-20 22:32:39,898 INFO dLog [http-nio-8080-exec-7] RETURNING: PostResponse(createdObject=[LoginResponseObject(userId=1, username=tom1, password=tom1)])
2022-02-20 22:32:39,903 DEBUG dLog [http-nio-8080-exec-8] Class: class com.revature.thevault.presentation.controller.AccountProfileController
Method: getProfile
Arguments: [1]
2022-02-20 22:32:39,903 DEBUG dLog [http-nio-8080-exec-8] Class: class com.revature.thevault.service.classes.AccountProfileService
Method: getProfile
Arguments: [AccountProfileRequest(profileId=1)]
2022-02-20 22:32:39,906 INFO dLog [http-nio-8080-exec-8] RETURNING: GetResponse(gotObject=[AccountProfileResponse(profileId=1, userId=1, firstName=tom, lastName=tomy, email=tom@gmail.co, phoneNumber=655555555, address=tom11)])
2022-02-20 22:32:39,906 INFO dLog [http-nio-8080-exec-8] RETURNING: GetResponse(gotObject=[AccountProfileResponse(profileId=1, userId=1, firstName=tom, lastName=tomy, email=tom@gmail.co, phoneNumber=655555555, address=tom11)])
2022-02-20 22:32:39,910 DEBUG dLog [http-nio-8080-exec-9] Class: class com.revature.thevault.presentation.controller.AccountController
Method: getUserAccountList
Arguments: [1]
2022-02-20 22:32:39,910 DEBUG dLog [http-nio-8080-exec-9] Class: class com.revature.thevault.service.classes.AccountService
Method: getAccounts
Arguments: [1]
2022-02-20 22:32:39,911 INFO dLog [http-nio-8080-exec-9] RETURNING: GetResponse(gotObject=[])
2022-02-20 22:32:39,911 INFO dLog [http-nio-8080-exec-9] RETURNING: GetResponse(gotObject=[])
2022-02-20 22:32:58,152 DEBUG dLog [http-nio-8080-exec-10] Class: class com.revature.thevault.presentation.controller.LoginController
Method: findLoginCredential
Arguments: [LoginRequest(username=tom1, password=tom1)]
2022-02-20 22:32:58,152 DEBUG dLog [http-nio-8080-exec-10] Class: class com.revature.thevault.service.classes.LoginService
Method: getLoginCredentialFromLogin
Arguments: [LoginRequest(username=tom1, password=tom1)]
2022-02-20 22:32:58,153 INFO dLog [http-nio-8080-exec-10] RETURNING: PostResponse(createdObject=[LoginResponseObject(userId=1, username=tom1, password=tom1)])
2022-02-20 22:32:58,153 INFO dLog [http-nio-8080-exec-10] RETURNING: PostResponse(createdObject=[LoginResponseObject(userId=1, username=tom1, password=tom1)])
2022-02-20 22:32:58,159 DEBUG dLog [http-nio-8080-exec-1] Class: class com.revature.thevault.presentation.controller.AccountProfileController
Method: getProfile
Arguments: [1]
2022-02-20 22:32:58,159 DEBUG dLog [http-nio-8080-exec-1] Class: class com.revature.thevault.service.classes.AccountProfileService
Method: getProfile
Arguments: [AccountProfileRequest(profileId=1)]
2022-02-20 22:32:58,159 INFO dLog [http-nio-8080-exec-1] RETURNING: GetResponse(gotObject=[AccountProfileResponse(profileId=1, userId=1, firstName=tom, lastName=tomy, email=tom@gmail.co, phoneNumber=655555555, address=tom11)])
2022-02-20 22:32:58,160 INFO dLog [http-nio-8080-exec-1] RETURNING: GetResponse(gotObject=[AccountProfileResponse(profileId=1, userId=1, firstName=tom, lastName=tomy, email=tom@gmail.co, phoneNumber=655555555, address=tom11)])
2022-02-20 22:32:58,164 DEBUG dLog [http-nio-8080-exec-2] Class: class com.revature.thevault.presentation.controller.AccountController
Method: getUserAccountList
Arguments: [1]
2022-02-20 22:32:58,164 DEBUG dLog [http-nio-8080-exec-2] Class: class com.revature.thevault.service.classes.AccountService
Method: getAccounts
Arguments: [1]
2022-02-20 22:32:58,165 INFO dLog [http-nio-8080-exec-2] RETURNING: GetResponse(gotObject=[])
2022-02-20 22:32:58,165 INFO dLog [http-nio-8080-exec-2] RETURNING: GetResponse(gotObject=[])
2022-02-20 22:35:56,236 DEBUG dLog [http-nio-8080-exec-4] Class: class com.revature.thevault.presentation.controller.LoginController
Method: findLoginCredential
Arguments: [LoginRequest(username=tom1, password=tom1)]
2022-02-20 22:35:56,236 DEBUG dLog [http-nio-8080-exec-4] Class: class com.revature.thevault.service.classes.LoginService
Method: getLoginCredentialFromLogin
Arguments: [LoginRequest(username=tom1, password=tom1)]
2022-02-20 22:35:56,237 INFO dLog [http-nio-8080-exec-4] RETURNING: PostResponse(createdObject=[LoginResponseObject(userId=1, username=tom1, password=tom1)])
2022-02-20 22:35:56,237 INFO dLog [http-nio-8080-exec-4] RETURNING: PostResponse(createdObject=[LoginResponseObject(userId=1, username=tom1, password=tom1)])
2022-02-20 22:35:56,242 DEBUG dLog [http-nio-8080-exec-5] Class: class com.revature.thevault.presentation.controller.AccountProfileController
Method: getProfile
Arguments: [1]
2022-02-20 22:35:56,242 DEBUG dLog [http-nio-8080-exec-5] Class: class com.revature.thevault.service.classes.AccountProfileService
Method: getProfile
Arguments: [AccountProfileRequest(profileId=1)]
2022-02-20 22:35:56,243 INFO dLog [http-nio-8080-exec-5] RETURNING: GetResponse(gotObject=[AccountProfileResponse(profileId=1, userId=1, firstName=tom, lastName=tomy, email=tom@gmail.co, phoneNumber=655555555, address=tom11)])
2022-02-20 22:35:56,243 INFO dLog [http-nio-8080-exec-5] RETURNING: GetResponse(gotObject=[AccountProfileResponse(profileId=1, userId=1, firstName=tom, lastName=tomy, email=tom@gmail.co, phoneNumber=655555555, address=tom11)])
2022-02-20 22:35:56,247 DEBUG dLog [http-nio-8080-exec-6] Class: class com.revature.thevault.presentation.controller.AccountController
Method: getUserAccountList
Arguments: [1]
2022-02-20 22:35:56,247 DEBUG dLog [http-nio-8080-exec-6] Class: class com.revature.thevault.service.classes.AccountService
Method: getAccounts
Arguments: [1]
2022-02-20 22:35:56,248 INFO dLog [http-nio-8080-exec-6] RETURNING: GetResponse(gotObject=[])
2022-02-20 22:35:56,248 INFO dLog [http-nio-8080-exec-6] RETURNING: GetResponse(gotObject=[])
2022-02-20 22:38:49,540 DEBUG dLog [http-nio-8080-exec-8] Class: class com.revature.thevault.presentation.controller.LoginController
Method: findLoginCredential
Arguments: [LoginRequest(username=tom1, password=tom1)]
2022-02-20 22:38:49,540 DEBUG dLog [http-nio-8080-exec-8] Class: class com.revature.thevault.service.classes.LoginService
Method: getLoginCredentialFromLogin
Arguments: [LoginRequest(username=tom1, password=tom1)]
2022-02-20 22:38:49,541 INFO dLog [http-nio-8080-exec-8] RETURNING: PostResponse(createdObject=[LoginResponseObject(userId=1, username=tom1, password=tom1)])
2022-02-20 22:38:49,541 INFO dLog [http-nio-8080-exec-8] RETURNING: PostResponse(createdObject=[LoginResponseObject(userId=1, username=tom1, password=tom1)])
2022-02-20 22:38:49,546 DEBUG dLog [http-nio-8080-exec-9] Class: class com.revature.thevault.presentation.controller.AccountProfileController
Method: getProfile
Arguments: [1]
2022-02-20 22:38:49,546 DEBUG dLog [http-nio-8080-exec-9] Class: class com.revature.thevault.service.classes.AccountProfileService
Method: getProfile
Arguments: [AccountProfileRequest(profileId=1)]
2022-02-20 22:38:49,547 INFO dLog [http-nio-8080-exec-9] RETURNING: GetResponse(gotObject=[AccountProfileResponse(profileId=1, userId=1, firstName=tom, lastName=tomy, email=tom@gmail.co, phoneNumber=655555555, address=tom11)])
2022-02-20 22:38:49,547 INFO dLog [http-nio-8080-exec-9] RETURNING: GetResponse(gotObject=[AccountProfileResponse(profileId=1, userId=1, firstName=tom, lastName=tomy, email=tom@gmail.co, phoneNumber=655555555, address=tom11)])
2022-02-20 22:38:49,552 DEBUG dLog [http-nio-8080-exec-10] Class: class com.revature.thevault.presentation.controller.AccountController
Method: getUserAccountList
Arguments: [1]
2022-02-20 22:38:49,552 DEBUG dLog [http-nio-8080-exec-10] Class: class com.revature.thevault.service.classes.AccountService
Method: getAccounts
Arguments: [1]
2022-02-20 22:38:49,552 INFO dLog [http-nio-8080-exec-10] RETURNING: GetResponse(gotObject=[])
2022-02-20 22:38:49,552 INFO dLog [http-nio-8080-exec-10] RETURNING: GetResponse(gotObject=[])
