2022-02-13 20:26:02,104 DEBUG dLog [main] Class: class com.revature.thevault.service.classes.AccountProfileService
Method: getProfile
Arguments: [AccountProfileRequest(userId=1)]
2022-02-13 20:26:02,118 INFO dLog [main] RETURNING: GetResponse(gotObject=null)
2022-02-13 20:46:01,226 DEBUG dLog [main] Class: class com.revature.thevault.service.classes.AccountProfileService
Method: createProfile
Arguments: [ProfileCreateRequest(userId=5, firstName=joe, lastName=something, email=asdf@fjfo.com, phoneNumber=555-555-5555, address=1 street)]
2022-02-13 20:46:01,237 INFO dLog [main] RETURNING: PostResponse(createdObject=null)
2022-02-13 20:46:48,219 DEBUG dLog [main] Class: class com.revature.thevault.service.classes.AccountProfileService
Method: createProfile
Arguments: [ProfileCreateRequest(userId=5, firstName=joe, lastName=something, email=asdf@fjfo.com, phoneNumber=555-555-5555, address=1 street)]
2022-02-13 20:46:48,230 INFO dLog [main] RETURNING: PostResponse(createdObject=null)
2022-02-13 20:47:06,461 DEBUG dLog [main] Class: class com.revature.thevault.service.classes.AccountProfileService
Method: getProfile
Arguments: [AccountProfileRequest(userId=1)]
2022-02-13 20:47:06,471 INFO dLog [main] RETURNING: GetResponse(gotObject=null)
2022-02-13 21:10:27,785 DEBUG dLog [main] Class: class com.revature.thevault.service.classes.AccountProfileService
Method: deleteProfile
Arguments: [AccountProfileRequest(userId=1)]
2022-02-13 21:10:27,793 INFO dLog [main] RETURNING: AccountProfileResponse(success=true, accountProfileEntity=null)
