2022-02-19 07:37:16,698 DEBUG dLog [main] Class: class com.revature.thevault.service.classes.DepositService
Method: createDeposit
Arguments: [DepositRequest(depositType=Cash, accountId=1, reference=work, amount=100)]
2022-02-19 07:37:16,724 ERROR dLog [main] CONTROLLER CLASS: class com.revature.thevault.service.classes.DepositService
THROWING EXCEPTION: class com.revature.thevault.service.exceptions.InvalidRequestException
2022-02-19 07:38:11,233 DEBUG dLog [main] Class: class com.revature.thevault.service.classes.DepositService
Method: createDeposit
Arguments: [DepositRequest(depositType=Cash, accountId=0, reference=work, amount=100)]
2022-02-19 07:38:11,256 ERROR dLog [main] CONTROLLER CLASS: class com.revature.thevault.service.classes.DepositService
THROWING EXCEPTION: class com.revature.thevault.service.exceptions.InvalidRequestException
2022-02-19 07:43:50,822 DEBUG dLog [main] Class: class com.revature.thevault.service.classes.DepositService
Method: createDeposit
Arguments: [DepositRequest(depositType=Cash, accountId=0, reference=work, amount=100)]
2022-02-19 07:43:50,861 ERROR dLog [main] CONTROLLER CLASS: class com.revature.thevault.service.classes.DepositService
THROWING EXCEPTION: class com.revature.thevault.service.exceptions.InvalidRequestException
2022-02-19 07:45:28,792 DEBUG dLog [main] Class: class com.revature.thevault.service.classes.DepositService
Method: createDeposit
Arguments: [DepositRequest(depositType=Cash, accountId=0, reference=work, amount=100)]
2022-02-19 07:45:28,808 ERROR dLog [main] CONTROLLER CLASS: class com.revature.thevault.service.classes.DepositService
THROWING EXCEPTION: class com.revature.thevault.service.exceptions.InvalidRequestException
2022-02-19 07:46:48,251 DEBUG dLog [main] Class: class com.revature.thevault.service.classes.DepositService
Method: createDeposit
Arguments: [DepositRequest(depositType=Cash, accountId=0, reference=work, amount=100.0)]
2022-02-19 07:46:48,267 ERROR dLog [main] CONTROLLER CLASS: class com.revature.thevault.service.classes.DepositService
THROWING EXCEPTION: class com.revature.thevault.service.exceptions.InvalidRequestException
2022-02-19 07:53:37,252 DEBUG dLog [main] Class: class com.revature.thevault.service.classes.DepositService
Method: createDeposit
Arguments: [DepositRequest(depositType=Cash, accountId=0, reference=work, amount=100.0)]
2022-02-19 07:53:37,267 ERROR dLog [main] CONTROLLER CLASS: class com.revature.thevault.service.classes.DepositService
THROWING EXCEPTION: class com.revature.thevault.service.exceptions.InvalidRequestException
2022-02-19 07:54:42,770 DEBUG dLog [main] Class: class com.revature.thevault.service.classes.DepositService
Method: createDeposit
Arguments: [DepositRequest(depositType=Cash, accountId=0, reference=work, amount=100.0)]
2022-02-19 07:54:42,789 ERROR dLog [main] CONTROLLER CLASS: class com.revature.thevault.service.classes.DepositService
THROWING EXCEPTION: class com.revature.thevault.service.exceptions.InvalidRequestException
2022-02-19 07:55:03,005 DEBUG dLog [main] Class: class com.revature.thevault.service.classes.DepositService
Method: createDeposit
Arguments: [DepositRequest(depositType=Cash, accountId=1, reference=work, amount=100.0)]
2022-02-19 07:55:03,020 ERROR dLog [main] CONTROLLER CLASS: class com.revature.thevault.service.classes.DepositService
THROWING EXCEPTION: class com.revature.thevault.service.exceptions.InvalidRequestException
2022-02-19 07:59:55,822 DEBUG dLog [main] Class: class com.revature.thevault.service.classes.DepositService
Method: createDeposit
Arguments: [DepositRequest(depositId=0, depositType=Cash, accountId=1, reference=work, dateDeposit=2022-02-19, amount=100.0)]
2022-02-19 07:59:55,840 ERROR dLog [main] CONTROLLER CLASS: class com.revature.thevault.service.classes.DepositService
THROWING EXCEPTION: class com.revature.thevault.service.exceptions.InvalidRequestException
2022-02-19 08:01:53,829 DEBUG dLog [main] Class: class com.revature.thevault.service.classes.DepositService
Method: createDeposit
Arguments: [DepositRequest(depositId=1, depositType=Cash, accountId=1, reference=work, dateDeposit=2022-02-19, amount=100.0)]
2022-02-19 08:01:53,847 ERROR dLog [main] CONTROLLER CLASS: class com.revature.thevault.service.classes.DepositService
THROWING EXCEPTION: class com.revature.thevault.service.exceptions.InvalidRequestException
2022-02-19 08:02:44,881 DEBUG dLog [main] Class: class com.revature.thevault.service.classes.DepositService
Method: createDeposit
Arguments: [DepositRequest(depositId=1, depositType=Cash, accountId=0, reference=work, dateDeposit=2022-02-19, amount=100.0)]
2022-02-19 08:02:44,896 ERROR dLog [main] CONTROLLER CLASS: class com.revature.thevault.service.classes.DepositService
THROWING EXCEPTION: class com.revature.thevault.service.exceptions.InvalidRequestException
2022-02-19 08:03:23,236 DEBUG dLog [main] Class: class com.revature.thevault.service.classes.DepositService
Method: createDeposit
Arguments: [DepositRequest(depositId=1, depositType=Cash, accountId=0, reference=work, dateDeposit=2022-02-19, amount=100.0)]
2022-02-19 08:03:23,271 ERROR dLog [main] CONTROLLER CLASS: class com.revature.thevault.service.classes.DepositService
THROWING EXCEPTION: class com.revature.thevault.service.exceptions.InvalidRequestException
2022-02-19 08:17:08,019 DEBUG dLog [main] Class: class com.revature.thevault.service.classes.DepositService
Method: createDeposit
Arguments: [DepositRequest(depositType=Cash, accountId=0, reference=work, amount=100.0)]
2022-02-19 08:17:08,036 ERROR dLog [main] CONTROLLER CLASS: class com.revature.thevault.service.classes.DepositService
THROWING EXCEPTION: class com.revature.thevault.service.exceptions.InvalidRequestException
2022-02-19 09:17:44,183 DEBUG dLog [main] Class: class com.revature.thevault.service.classes.DepositService
Method: createDeposit
Arguments: [DepositRequest(depositType=Cash, accountId=1, reference=work, amount=100.0)]
2022-02-19 09:17:44,199 ERROR dLog [main] CONTROLLER CLASS: class com.revature.thevault.service.classes.DepositService
THROWING EXCEPTION: class com.revature.thevault.service.exceptions.InvalidRequestException
2022-02-19 09:23:33,379 DEBUG dLog [main] Class: class com.revature.thevault.service.classes.DepositService
Method: createDeposit
Arguments: [DepositRequest(depositType=Cash, accountId=1, reference=work, amount=100.0)]
2022-02-19 09:23:33,399 ERROR dLog [main] CONTROLLER CLASS: class com.revature.thevault.service.classes.DepositService
THROWING EXCEPTION: class com.revature.thevault.service.exceptions.InvalidRequestException
2022-02-19 09:24:19,240 DEBUG dLog [main] Class: class com.revature.thevault.service.classes.DepositService
Method: createDeposit
Arguments: [DepositRequest(depositType=Cash, accountId=1, reference=work, amount=100.0)]
2022-02-19 09:24:19,256 ERROR dLog [main] CONTROLLER CLASS: class com.revature.thevault.service.classes.DepositService
THROWING EXCEPTION: class com.revature.thevault.service.exceptions.InvalidRequestException
2022-02-19 09:27:20,820 DEBUG dLog [main] Class: class com.revature.thevault.service.classes.DepositService
Method: deleteAllDeposits
Arguments: [1]
2022-02-19 09:27:20,838 INFO dLog [main] RETURNING: DeleteResponse(deletedObject=[])
2022-02-19 09:27:20,906 DEBUG dLog [main] Class: class com.revature.thevault.service.classes.DepositService
Method: createDeposit
Arguments: [DepositRequest(depositType=Cash, accountId=1, reference=work, amount=100.0)]
2022-02-19 09:27:20,910 ERROR dLog [main] CONTROLLER CLASS: class com.revature.thevault.service.classes.DepositService
THROWING EXCEPTION: class com.revature.thevault.service.exceptions.InvalidRequestException
2022-02-19 09:29:10,528 DEBUG dLog [main] Class: class com.revature.thevault.service.classes.DepositService
Method: deleteAllDeposits
Arguments: [1]
2022-02-19 09:29:10,550 INFO dLog [main] RETURNING: DeleteResponse(deletedObject=[])
2022-02-19 09:29:10,616 DEBUG dLog [main] Class: class com.revature.thevault.service.classes.DepositService
Method: createDeposit
Arguments: [DepositRequest(depositType=Cash, accountId=1, reference=work, amount=100.0)]
2022-02-19 09:29:10,620 ERROR dLog [main] CONTROLLER CLASS: class com.revature.thevault.service.classes.DepositService
THROWING EXCEPTION: class com.revature.thevault.service.exceptions.InvalidRequestException
2022-02-19 09:32:24,374 DEBUG dLog [main] Class: class com.revature.thevault.service.classes.DepositService
Method: deleteAllDeposits
Arguments: [1]
2022-02-19 09:32:24,421 INFO dLog [main] RETURNING: DeleteResponse(deletedObject=[])
2022-02-19 09:32:24,454 DEBUG dLog [main] Class: class com.revature.thevault.service.classes.DepositService
Method: createDeposit
Arguments: [DepositRequest(depositType=Cash, accountId=1, reference=work, amount=100.0)]
2022-02-19 09:32:24,458 ERROR dLog [main] CONTROLLER CLASS: class com.revature.thevault.service.classes.DepositService
THROWING EXCEPTION: class com.revature.thevault.service.exceptions.InvalidRequestException
2022-02-19 09:32:33,981 DEBUG dLog [main] Class: class com.revature.thevault.service.classes.DepositService
Method: deleteAllDeposits
Arguments: [1]
2022-02-19 09:32:34,011 INFO dLog [main] RETURNING: DeleteResponse(deletedObject=[])
2022-02-19 09:32:34,064 DEBUG dLog [main] Class: class com.revature.thevault.service.classes.DepositService
Method: createDeposit
Arguments: [DepositRequest(depositType=Cash, accountId=1, reference=work, amount=100.0)]
2022-02-19 09:32:34,068 ERROR dLog [main] CONTROLLER CLASS: class com.revature.thevault.service.classes.DepositService
THROWING EXCEPTION: class com.revature.thevault.service.exceptions.InvalidRequestException
2022-02-19 09:33:58,611 DEBUG dLog [main] Class: class com.revature.thevault.service.classes.DepositService
Method: deleteAllDeposits
Arguments: [1]
2022-02-19 09:33:58,640 INFO dLog [main] RETURNING: DeleteResponse(deletedObject=[])
2022-02-19 09:33:58,686 DEBUG dLog [main] Class: class com.revature.thevault.service.classes.DepositService
Method: createDeposit
Arguments: [DepositRequest(depositType=Cash, accountId=1, reference=work, amount=100.0)]
2022-02-19 09:33:58,690 ERROR dLog [main] CONTROLLER CLASS: class com.revature.thevault.service.classes.DepositService
THROWING EXCEPTION: class com.revature.thevault.service.exceptions.InvalidRequestException
2022-02-19 09:36:57,753 DEBUG dLog [main] Class: class com.revature.thevault.service.classes.DepositService
Method: getAllUserDeposits
Arguments: [1]
2022-02-19 09:36:57,807 INFO dLog [main] RETURNING: GetResponse(gotObject=[])
2022-02-19 09:36:57,840 DEBUG dLog [main] Class: class com.revature.thevault.service.classes.DepositService
Method: createDeposit
Arguments: [DepositRequest(depositType=Cash, accountId=1, reference=work, amount=100.0)]
2022-02-19 09:36:57,844 ERROR dLog [main] CONTROLLER CLASS: class com.revature.thevault.service.classes.DepositService
THROWING EXCEPTION: class com.revature.thevault.service.exceptions.InvalidRequestException
2022-02-19 09:38:08,011 DEBUG dLog [main] Class: class com.revature.thevault.service.classes.DepositService
Method: getAllUserDeposits
Arguments: [1]
2022-02-19 09:38:08,065 INFO dLog [main] RETURNING: GetResponse(gotObject=[])
2022-02-19 09:38:08,101 DEBUG dLog [main] Class: class com.revature.thevault.service.classes.DepositService
Method: createDeposit
Arguments: [DepositRequest(depositType=Cash, accountId=1, reference=work, amount=100.0)]
2022-02-19 09:38:08,106 ERROR dLog [main] CONTROLLER CLASS: class com.revature.thevault.service.classes.DepositService
THROWING EXCEPTION: class com.revature.thevault.service.exceptions.InvalidRequestException
2022-02-19 09:39:17,795 DEBUG dLog [main] Class: class com.revature.thevault.service.classes.DepositService
Method: deleteAllDeposits
Arguments: [1]
2022-02-19 09:39:17,824 INFO dLog [main] RETURNING: DeleteResponse(deletedObject=[])
2022-02-19 09:39:17,895 DEBUG dLog [main] Class: class com.revature.thevault.service.classes.DepositService
Method: createDeposit
Arguments: [DepositRequest(depositType=Cash, accountId=1, reference=work, amount=100.0)]
2022-02-19 09:39:17,899 ERROR dLog [main] CONTROLLER CLASS: class com.revature.thevault.service.classes.DepositService
THROWING EXCEPTION: class com.revature.thevault.service.exceptions.InvalidRequestException
2022-02-19 09:47:49,112 DEBUG dLog [main] Class: class com.revature.thevault.service.classes.DepositService
Method: createDeposit
Arguments: [DepositRequest(depositType=Cash, accountId=1, reference=work, amount=100.0)]
2022-02-19 09:47:49,129 ERROR dLog [main] CONTROLLER CLASS: class com.revature.thevault.service.classes.DepositService
THROWING EXCEPTION: class com.revature.thevault.service.exceptions.InvalidRequestException
2022-02-19 09:49:09,608 DEBUG dLog [main] Class: class com.revature.thevault.service.classes.DepositService
Method: createDeposit
Arguments: [DepositRequest(depositType=Cash, accountId=1, reference=work, amount=100.0)]
2022-02-19 09:49:09,630 ERROR dLog [main] CONTROLLER CLASS: class com.revature.thevault.service.classes.DepositService
THROWING EXCEPTION: class com.revature.thevault.service.exceptions.InvalidRequestException
2022-02-19 09:51:20,841 DEBUG dLog [main] Class: class com.revature.thevault.service.classes.AccountService
Method: createAccount
Arguments: [CreateAccountRequest(userId=1, accountType=lol)]
2022-02-19 09:51:20,872 ERROR dLog [main] CONTROLLER CLASS: class com.revature.thevault.service.classes.AccountService
THROWING EXCEPTION: class com.revature.thevault.service.exceptions.InvalidAccountTypeException
2022-02-19 09:51:20,896 DEBUG dLog [main] Class: class com.revature.thevault.service.classes.AccountService
Method: createAccount
Arguments: [CreateAccountRequest(userId=1, accountType=Checking)]
2022-02-19 09:51:20,897 INFO dLog [main] RETURNING: PostResponse(createdObject=[AccountResponseObject(accountId=1, userId=1, accountType=Checking, availableBalance=100, pendingBalance=120)])
2022-02-19 09:53:17,996 DEBUG dLog [main] Class: class com.revature.thevault.service.classes.DepositService
Method: createDeposit
Arguments: [DepositRequest(depositType=Cash, accountId=0, reference=work, amount=0.0)]
2022-02-19 09:53:18,033 ERROR dLog [main] CONTROLLER CLASS: class com.revature.thevault.service.classes.DepositService
THROWING EXCEPTION: class com.revature.thevault.service.exceptions.InvalidRequestException
2022-02-19 09:53:43,794 DEBUG dLog [main] Class: class com.revature.thevault.service.classes.DepositService
Method: createDeposit
Arguments: [DepositRequest(depositType=Cash, accountId=0, reference=, amount=0.0)]
2022-02-19 09:53:43,821 ERROR dLog [main] CONTROLLER CLASS: class com.revature.thevault.service.classes.DepositService
THROWING EXCEPTION: class com.revature.thevault.service.exceptions.InvalidRequestException
2022-02-19 09:54:14,444 DEBUG dLog [main] Class: class com.revature.thevault.service.classes.DepositService
Method: createDeposit
Arguments: [DepositRequest(depositType=Cash, accountId=0, reference=, amount=0.0)]
2022-02-19 09:54:14,472 ERROR dLog [main] CONTROLLER CLASS: class com.revature.thevault.service.classes.DepositService
THROWING EXCEPTION: class com.revature.thevault.service.exceptions.InvalidRequestException
2022-02-19 09:57:36,067 DEBUG dLog [main] Class: class com.revature.thevault.service.classes.DepositService
Method: createDeposit
Arguments: [DepositRequest(depositType=Cash, accountId=0, reference=work, amount=100.0)]
2022-02-19 09:57:36,096 ERROR dLog [main] CONTROLLER CLASS: class com.revature.thevault.service.classes.DepositService
THROWING EXCEPTION: class com.revature.thevault.service.exceptions.InvalidRequestException
2022-02-19 09:58:30,359 DEBUG dLog [main] Class: class com.revature.thevault.service.classes.DepositService
Method: createDeposit
Arguments: [DepositRequest(depositType=Cash, accountId=0, reference=work, amount=100.0)]
2022-02-19 09:58:30,381 ERROR dLog [main] CONTROLLER CLASS: class com.revature.thevault.service.classes.DepositService
THROWING EXCEPTION: class com.revature.thevault.service.exceptions.InvalidRequestException
2022-02-19 09:58:50,386 DEBUG dLog [main] Class: class com.revature.thevault.service.classes.DepositService
Method: createDeposit
Arguments: [DepositRequest(depositType=Cash, accountId=0, reference=work, amount=100.0)]
2022-02-19 09:58:50,401 ERROR dLog [main] CONTROLLER CLASS: class com.revature.thevault.service.classes.DepositService
THROWING EXCEPTION: class com.revature.thevault.service.exceptions.InvalidRequestException
