2022-02-18 01:06:18,994 DEBUG dLog [http-nio-8080-exec-2] Class: class com.revature.thevault.presentation.controller.LoginController
Method: newLogin
Arguments: [NewLoginCredentialsRequest()]
2022-02-18 01:06:19,014 DEBUG dLog [http-nio-8080-exec-2] Class: class com.revature.thevault.service.classes.LoginService
Method: createNewLogin
Arguments: [NewLoginCredentialsRequest()]
2022-02-18 01:06:19,092 INFO dLog [http-nio-8080-exec-2] RETURNING: PostResponse(createdObject=[LoginResponseObject(userId=1, username=username, password=password)])
2022-02-18 01:06:19,092 INFO dLog [http-nio-8080-exec-2] RETURNING: PostResponse(createdObject=[LoginResponseObject(userId=1, username=username, password=password)])
2022-02-18 01:06:19,149 DEBUG dLog [http-nio-8080-exec-4] Class: class com.revature.thevault.presentation.controller.AccountProfileController
Method: createProfile
Arguments: [ProfileCreateRequest(userId=1, firstName=asdfasdf, lastName=asdfasfd, email=asdfasd@asdfasfd.com, phoneNumber=123123, address=123asdfasf)]
2022-02-18 01:06:19,153 DEBUG dLog [http-nio-8080-exec-4] Class: class com.revature.thevault.service.classes.AccountProfileService
Method: createProfile
Arguments: [ProfileCreateRequest(userId=1, firstName=asdfasdf, lastName=asdfasfd, email=asdfasd@asdfasfd.com, phoneNumber=123123, address=123asdfasf)]
2022-02-18 01:06:19,163 INFO dLog [http-nio-8080-exec-4] RETURNING: PostResponse(createdObject=[AccountProfileResponse(profileId=1, userId=1, firstName=asdfasdf, lastName=asdfasfd, email=asdfasd@asdfasfd.com, phoneNumber=123123, address=123asdfasf)])
2022-02-18 01:06:19,163 INFO dLog [http-nio-8080-exec-4] RETURNING: PostResponse(createdObject=[AccountProfileResponse(profileId=1, userId=1, firstName=asdfasdf, lastName=asdfasfd, email=asdfasd@asdfasfd.com, phoneNumber=123123, address=123asdfasf)])
2022-02-18 01:06:25,092 DEBUG dLog [http-nio-8080-exec-6] Class: class com.revature.thevault.presentation.controller.LoginController
Method: findLoginCredential
Arguments: [LoginRequest(username=username, password=password)]
2022-02-18 01:06:25,092 DEBUG dLog [http-nio-8080-exec-6] Class: class com.revature.thevault.service.classes.LoginService
Method: getLoginCredentialFromLogin
Arguments: [LoginRequest(username=username, password=password)]
2022-02-18 01:06:25,125 INFO dLog [http-nio-8080-exec-6] RETURNING: PostResponse(createdObject=[LoginResponseObject(userId=1, username=username, password=password)])
2022-02-18 01:06:25,125 INFO dLog [http-nio-8080-exec-6] RETURNING: PostResponse(createdObject=[LoginResponseObject(userId=1, username=username, password=password)])
2022-02-18 01:06:25,134 DEBUG dLog [http-nio-8080-exec-7] Class: class com.revature.thevault.presentation.controller.AccountProfileController
Method: getProfile
Arguments: [1]
2022-02-18 01:06:25,134 DEBUG dLog [http-nio-8080-exec-7] Class: class com.revature.thevault.service.classes.AccountProfileService
Method: getProfile
Arguments: [AccountProfileRequest(profileId=1)]
2022-02-18 01:06:25,153 INFO dLog [http-nio-8080-exec-7] RETURNING: GetResponse(gotObject=[AccountProfileResponse(profileId=1, userId=1, firstName=asdfasdf, lastName=asdfasfd, email=asdfasd@asdfasfd.com, phoneNumber=123123, address=123asdfasf)])
2022-02-18 01:06:25,153 INFO dLog [http-nio-8080-exec-7] RETURNING: GetResponse(gotObject=[AccountProfileResponse(profileId=1, userId=1, firstName=asdfasdf, lastName=asdfasfd, email=asdfasd@asdfasfd.com, phoneNumber=123123, address=123asdfasf)])
2022-02-18 01:06:25,167 DEBUG dLog [http-nio-8080-exec-8] Class: class com.revature.thevault.presentation.controller.AccountController
Method: getUserAccountList
Arguments: [1]
2022-02-18 01:06:25,171 DEBUG dLog [http-nio-8080-exec-8] Class: class com.revature.thevault.service.classes.AccountService
Method: getAccounts
Arguments: [1]
2022-02-18 01:06:25,181 INFO dLog [http-nio-8080-exec-8] RETURNING: GetResponse(gotObject=[])
2022-02-18 01:06:25,182 INFO dLog [http-nio-8080-exec-8] RETURNING: GetResponse(gotObject=[])
2022-02-18 01:07:17,786 DEBUG dLog [http-nio-8080-exec-9] Class: class com.revature.thevault.presentation.controller.LoginController
Method: findLoginCredential
Arguments: [LoginRequest(username=username, password=password)]
2022-02-18 01:07:17,786 DEBUG dLog [http-nio-8080-exec-9] Class: class com.revature.thevault.service.classes.LoginService
Method: getLoginCredentialFromLogin
Arguments: [LoginRequest(username=username, password=password)]
2022-02-18 01:07:17,787 INFO dLog [http-nio-8080-exec-9] RETURNING: PostResponse(createdObject=[LoginResponseObject(userId=1, username=username, password=password)])
2022-02-18 01:07:17,788 INFO dLog [http-nio-8080-exec-9] RETURNING: PostResponse(createdObject=[LoginResponseObject(userId=1, username=username, password=password)])
2022-02-18 01:07:17,797 DEBUG dLog [http-nio-8080-exec-10] Class: class com.revature.thevault.presentation.controller.AccountProfileController
Method: getProfile
Arguments: [1]
2022-02-18 01:07:17,798 DEBUG dLog [http-nio-8080-exec-10] Class: class com.revature.thevault.service.classes.AccountProfileService
Method: getProfile
Arguments: [AccountProfileRequest(profileId=1)]
2022-02-18 01:07:17,799 INFO dLog [http-nio-8080-exec-10] RETURNING: GetResponse(gotObject=[AccountProfileResponse(profileId=1, userId=1, firstName=asdfasdf, lastName=asdfasfd, email=asdfasd@asdfasfd.com, phoneNumber=123123, address=123asdfasf)])
2022-02-18 01:07:17,799 INFO dLog [http-nio-8080-exec-10] RETURNING: GetResponse(gotObject=[AccountProfileResponse(profileId=1, userId=1, firstName=asdfasdf, lastName=asdfasfd, email=asdfasd@asdfasfd.com, phoneNumber=123123, address=123asdfasf)])
2022-02-18 01:07:17,804 DEBUG dLog [http-nio-8080-exec-1] Class: class com.revature.thevault.presentation.controller.AccountController
Method: getUserAccountList
Arguments: [1]
2022-02-18 01:07:17,804 DEBUG dLog [http-nio-8080-exec-1] Class: class com.revature.thevault.service.classes.AccountService
Method: getAccounts
Arguments: [1]
2022-02-18 01:07:17,806 INFO dLog [http-nio-8080-exec-1] RETURNING: GetResponse(gotObject=[])
2022-02-18 01:07:17,806 INFO dLog [http-nio-8080-exec-1] RETURNING: GetResponse(gotObject=[])
2022-02-18 01:07:45,957 DEBUG dLog [http-nio-8080-exec-3] Class: class com.revature.thevault.presentation.controller.AccountController
Method: createAccount
Arguments: [CreateAccountRequest(userId=1, accountType=Savings)]
2022-02-18 01:07:45,958 DEBUG dLog [http-nio-8080-exec-3] Class: class com.revature.thevault.service.classes.AccountService
Method: createAccount
Arguments: [CreateAccountRequest(userId=1, accountType=Savings)]
2022-02-18 01:07:45,958 DEBUG dLog [http-nio-8080-exec-3] Class: class com.revature.thevault.service.classes.AccountTypeService
Method: findAccountTypeEntityByName
Arguments: [Savings]
2022-02-18 01:07:45,964 INFO dLog [http-nio-8080-exec-3] RETURNING: AccountTypeEntity(pk_account_type_id=2, name=Savings)
2022-02-18 01:07:45,971 INFO dLog [http-nio-8080-exec-3] RETURNING: PostResponse(createdObject=[AccountResponseObject(accountId=1, userId=1, accountType=Savings, availableBalance=0.0, pendingBalance=0.0)])
2022-02-18 01:07:45,971 INFO dLog [http-nio-8080-exec-3] RETURNING: PostResponse(createdObject=[AccountResponseObject(accountId=1, userId=1, accountType=Savings, availableBalance=0.0, pendingBalance=0.0)])
2022-02-18 01:07:47,661 DEBUG dLog [http-nio-8080-exec-4] Class: class com.revature.thevault.presentation.controller.TransactionController
Method: getTransactionHistory
Arguments: [1]
2022-02-18 01:07:47,664 DEBUG dLog [http-nio-8080-exec-4] Class: class com.revature.thevault.service.classes.TransactionService
Method: getTransactionHistory
Arguments: [1]
2022-02-18 01:07:47,666 DEBUG dLog [http-nio-8080-exec-4] Class: class com.revature.thevault.service.classes.DepositService
Method: getAllUserDeposits
Arguments: [1]
2022-02-18 01:07:47,672 INFO dLog [http-nio-8080-exec-4] RETURNING: GetResponse(gotObject=[])
2022-02-18 01:07:47,673 DEBUG dLog [http-nio-8080-exec-4] Class: class com.revature.thevault.service.classes.WithdrawService
Method: getAllUserWithdrawals
Arguments: [1]
2022-02-18 01:07:47,679 INFO dLog [http-nio-8080-exec-4] RETURNING: GetResponse(gotObject=[])
2022-02-18 01:07:47,680 INFO dLog [http-nio-8080-exec-4] RETURNING: GetResponse(gotObject=[])
2022-02-18 01:07:47,680 INFO dLog [http-nio-8080-exec-4] RETURNING: GetResponse(gotObject=[])
2022-02-18 01:07:55,591 DEBUG dLog [http-nio-8080-exec-5] Class: class com.revature.thevault.presentation.controller.TransactionController
Method: getTransactionHistory
Arguments: [1]
2022-02-18 01:07:55,591 DEBUG dLog [http-nio-8080-exec-5] Class: class com.revature.thevault.service.classes.TransactionService
Method: getTransactionHistory
Arguments: [1]
2022-02-18 01:07:55,592 DEBUG dLog [http-nio-8080-exec-5] Class: class com.revature.thevault.service.classes.DepositService
Method: getAllUserDeposits
Arguments: [1]
2022-02-18 01:07:55,593 INFO dLog [http-nio-8080-exec-5] RETURNING: GetResponse(gotObject=[])
2022-02-18 01:07:55,593 DEBUG dLog [http-nio-8080-exec-5] Class: class com.revature.thevault.service.classes.WithdrawService
Method: getAllUserWithdrawals
Arguments: [1]
2022-02-18 01:07:55,594 INFO dLog [http-nio-8080-exec-5] RETURNING: GetResponse(gotObject=[])
2022-02-18 01:07:55,595 INFO dLog [http-nio-8080-exec-5] RETURNING: GetResponse(gotObject=[])
2022-02-18 01:07:55,596 INFO dLog [http-nio-8080-exec-5] RETURNING: GetResponse(gotObject=[])
2022-02-18 01:07:59,994 DEBUG dLog [http-nio-8080-exec-7] Class: class com.revature.thevault.presentation.controller.DepositController
Method: createDeposit
Arguments: [DepositRequest(depositType=Cheque, accountId=1, reference=asdfasfd, amount=34.0)]
2022-02-18 01:07:59,999 DEBUG dLog [http-nio-8080-exec-7] Class: class com.revature.thevault.service.classes.DepositService
Method: createDeposit
Arguments: [DepositRequest(depositType=Cheque, accountId=1, reference=asdfasfd, amount=34.0)]
2022-02-18 01:08:00,000 DEBUG dLog [http-nio-8080-exec-7] Class: class com.revature.thevault.service.classes.DepositTypeService
Method: findDepositTypeEntityByName
Arguments: [Cheque]
2022-02-18 01:08:00,004 INFO dLog [http-nio-8080-exec-7] RETURNING: DepositTypeEntity(pk_deposit_type_id=2, name=Cheque)
2022-02-18 01:08:00,025 INFO dLog [http-nio-8080-exec-7] RETURNING: PostResponse(createdObject=[DepositResponseObject(depositId=1, accountId=1, depositType=Cheque, reference=asdfasfd, dateDeposit=2022-02-18, amount=34.0)])
2022-02-18 01:08:00,026 INFO dLog [http-nio-8080-exec-7] RETURNING: PostResponse(createdObject=[DepositResponseObject(depositId=1, accountId=1, depositType=Cheque, reference=asdfasfd, dateDeposit=2022-02-18, amount=34.0)])
2022-02-18 01:08:00,041 DEBUG dLog [http-nio-8080-exec-9] Class: class com.revature.thevault.presentation.controller.TransactionController
Method: getTransactionHistory
Arguments: [1]
2022-02-18 01:08:00,041 DEBUG dLog [http-nio-8080-exec-9] Class: class com.revature.thevault.service.classes.TransactionService
Method: getTransactionHistory
Arguments: [1]
2022-02-18 01:08:00,041 DEBUG dLog [http-nio-8080-exec-9] Class: class com.revature.thevault.service.classes.DepositService
Method: getAllUserDeposits
Arguments: [1]
2022-02-18 01:08:00,042 DEBUG dLog [http-nio-8080-exec-10] Class: class com.revature.thevault.presentation.controller.AccountController
Method: updateAccount
Arguments: [UpdateAccountRequest(accountId=1, accountType=Savings, availableBalance=34, pendingBalance=34)]
2022-02-18 01:08:00,042 DEBUG dLog [http-nio-8080-exec-10] Class: class com.revature.thevault.service.classes.AccountService
Method: updateAccount
Arguments: [UpdateAccountRequest(accountId=1, accountType=Savings, availableBalance=34, pendingBalance=34)]
2022-02-18 01:08:00,045 INFO dLog [http-nio-8080-exec-9] RETURNING: GetResponse(gotObject=[DepositResponseObject(depositId=1, accountId=1, depositType=Cheque, reference=asdfasfd, dateDeposit=2022-02-18, amount=34.0)])
2022-02-18 01:08:00,045 DEBUG dLog [http-nio-8080-exec-9] Class: class com.revature.thevault.service.classes.WithdrawService
Method: getAllUserWithdrawals
Arguments: [1]
2022-02-18 01:08:00,046 INFO dLog [http-nio-8080-exec-9] RETURNING: GetResponse(gotObject=[])
2022-02-18 01:08:00,046 INFO dLog [http-nio-8080-exec-9] RETURNING: GetResponse(gotObject=[TransactionObject(transactionId=1, transactionType=Deposit, transactionReference=asdfasfd, date=2022-02-18, amount=34.0)])
2022-02-18 01:08:00,046 INFO dLog [http-nio-8080-exec-9] RETURNING: GetResponse(gotObject=[TransactionObject(transactionId=1, transactionType=Deposit, transactionReference=asdfasfd, date=2022-02-18, amount=34.0)])
2022-02-18 01:08:00,050 DEBUG dLog [http-nio-8080-exec-10] Class: class com.revature.thevault.service.classes.AccountTypeService
Method: findAccountTypeEntityByName
Arguments: [Savings]
2022-02-18 01:08:00,051 INFO dLog [http-nio-8080-exec-10] RETURNING: AccountTypeEntity(pk_account_type_id=2, name=Savings)
2022-02-18 01:08:00,061 INFO dLog [http-nio-8080-exec-10] RETURNING: PutResponse(updatedObject=[AccountResponseObject(accountId=1, userId=1, accountType=Savings, availableBalance=34.0, pendingBalance=34.0)])
2022-02-18 01:08:00,061 INFO dLog [http-nio-8080-exec-10] RETURNING: PutResponse(updatedObject=[AccountResponseObject(accountId=1, userId=1, accountType=Savings, availableBalance=34.0, pendingBalance=34.0)])
2022-02-18 01:09:48,634 DEBUG dLog [http-nio-8080-exec-3] Class: class com.revature.thevault.presentation.controller.LoginController
Method: findLoginCredential
Arguments: [LoginRequest(username=username, password=password)]
2022-02-18 01:09:48,634 DEBUG dLog [http-nio-8080-exec-3] Class: class com.revature.thevault.service.classes.LoginService
Method: getLoginCredentialFromLogin
Arguments: [LoginRequest(username=username, password=password)]
2022-02-18 01:09:48,636 INFO dLog [http-nio-8080-exec-3] RETURNING: PostResponse(createdObject=[LoginResponseObject(userId=1, username=username, password=password)])
2022-02-18 01:09:48,636 INFO dLog [http-nio-8080-exec-3] RETURNING: PostResponse(createdObject=[LoginResponseObject(userId=1, username=username, password=password)])
2022-02-18 01:09:48,645 DEBUG dLog [http-nio-8080-exec-4] Class: class com.revature.thevault.presentation.controller.AccountProfileController
Method: getProfile
Arguments: [1]
2022-02-18 01:09:48,646 DEBUG dLog [http-nio-8080-exec-4] Class: class com.revature.thevault.service.classes.AccountProfileService
Method: getProfile
Arguments: [AccountProfileRequest(profileId=1)]
2022-02-18 01:09:48,647 INFO dLog [http-nio-8080-exec-4] RETURNING: GetResponse(gotObject=[AccountProfileResponse(profileId=1, userId=1, firstName=asdfasdf, lastName=asdfasfd, email=asdfasd@asdfasfd.com, phoneNumber=123123, address=123asdfasf)])
2022-02-18 01:09:48,647 INFO dLog [http-nio-8080-exec-4] RETURNING: GetResponse(gotObject=[AccountProfileResponse(profileId=1, userId=1, firstName=asdfasdf, lastName=asdfasfd, email=asdfasd@asdfasfd.com, phoneNumber=123123, address=123asdfasf)])
2022-02-18 01:10:48,505 DEBUG dLog [http-nio-8080-exec-6] Class: class com.revature.thevault.presentation.controller.LoginController
Method: findLoginCredential
Arguments: [LoginRequest(username=username, password=password)]
2022-02-18 01:10:48,505 DEBUG dLog [http-nio-8080-exec-6] Class: class com.revature.thevault.service.classes.LoginService
Method: getLoginCredentialFromLogin
Arguments: [LoginRequest(username=username, password=password)]
2022-02-18 01:10:48,506 INFO dLog [http-nio-8080-exec-6] RETURNING: PostResponse(createdObject=[LoginResponseObject(userId=1, username=username, password=password)])
2022-02-18 01:10:48,507 INFO dLog [http-nio-8080-exec-6] RETURNING: PostResponse(createdObject=[LoginResponseObject(userId=1, username=username, password=password)])
2022-02-18 01:10:48,513 DEBUG dLog [http-nio-8080-exec-7] Class: class com.revature.thevault.presentation.controller.AccountProfileController
Method: getProfile
Arguments: [1]
2022-02-18 01:10:48,513 DEBUG dLog [http-nio-8080-exec-7] Class: class com.revature.thevault.service.classes.AccountProfileService
Method: getProfile
Arguments: [AccountProfileRequest(profileId=1)]
2022-02-18 01:10:48,514 INFO dLog [http-nio-8080-exec-7] RETURNING: GetResponse(gotObject=[AccountProfileResponse(profileId=1, userId=1, firstName=asdfasdf, lastName=asdfasfd, email=asdfasd@asdfasfd.com, phoneNumber=123123, address=123asdfasf)])
2022-02-18 01:10:48,514 INFO dLog [http-nio-8080-exec-7] RETURNING: GetResponse(gotObject=[AccountProfileResponse(profileId=1, userId=1, firstName=asdfasdf, lastName=asdfasfd, email=asdfasd@asdfasfd.com, phoneNumber=123123, address=123asdfasf)])
2022-02-18 01:12:46,693 DEBUG dLog [http-nio-8080-exec-10] Class: class com.revature.thevault.presentation.controller.LoginController
Method: findLoginCredential
Arguments: [LoginRequest(username=username, password=password)]
2022-02-18 01:12:46,693 DEBUG dLog [http-nio-8080-exec-10] Class: class com.revature.thevault.service.classes.LoginService
Method: getLoginCredentialFromLogin
Arguments: [LoginRequest(username=username, password=password)]
2022-02-18 01:12:46,694 INFO dLog [http-nio-8080-exec-10] RETURNING: PostResponse(createdObject=[LoginResponseObject(userId=1, username=username, password=password)])
2022-02-18 01:12:46,694 INFO dLog [http-nio-8080-exec-10] RETURNING: PostResponse(createdObject=[LoginResponseObject(userId=1, username=username, password=password)])
2022-02-18 01:12:46,703 DEBUG dLog [http-nio-8080-exec-1] Class: class com.revature.thevault.presentation.controller.AccountProfileController
Method: getProfile
Arguments: [1]
2022-02-18 01:12:46,703 DEBUG dLog [http-nio-8080-exec-1] Class: class com.revature.thevault.service.classes.AccountProfileService
Method: getProfile
Arguments: [AccountProfileRequest(profileId=1)]
2022-02-18 01:12:46,704 INFO dLog [http-nio-8080-exec-1] RETURNING: GetResponse(gotObject=[AccountProfileResponse(profileId=1, userId=1, firstName=asdfasdf, lastName=asdfasfd, email=asdfasd@asdfasfd.com, phoneNumber=123123, address=123asdfasf)])
2022-02-18 01:12:46,705 INFO dLog [http-nio-8080-exec-1] RETURNING: GetResponse(gotObject=[AccountProfileResponse(profileId=1, userId=1, firstName=asdfasdf, lastName=asdfasfd, email=asdfasd@asdfasfd.com, phoneNumber=123123, address=123asdfasf)])
2022-02-18 01:13:51,615 DEBUG dLog [http-nio-8080-exec-4] Class: class com.revature.thevault.presentation.controller.LoginController
Method: findLoginCredential
Arguments: [LoginRequest(username=username, password=password)]
2022-02-18 01:13:51,616 DEBUG dLog [http-nio-8080-exec-4] Class: class com.revature.thevault.service.classes.LoginService
Method: getLoginCredentialFromLogin
Arguments: [LoginRequest(username=username, password=password)]
2022-02-18 01:13:51,616 INFO dLog [http-nio-8080-exec-4] RETURNING: PostResponse(createdObject=[LoginResponseObject(userId=1, username=username, password=password)])
2022-02-18 01:13:51,616 INFO dLog [http-nio-8080-exec-4] RETURNING: PostResponse(createdObject=[LoginResponseObject(userId=1, username=username, password=password)])
2022-02-18 01:13:51,624 DEBUG dLog [http-nio-8080-exec-5] Class: class com.revature.thevault.presentation.controller.AccountProfileController
Method: getProfile
Arguments: [1]
2022-02-18 01:13:51,624 DEBUG dLog [http-nio-8080-exec-5] Class: class com.revature.thevault.service.classes.AccountProfileService
Method: getProfile
Arguments: [AccountProfileRequest(profileId=1)]
2022-02-18 01:13:51,625 INFO dLog [http-nio-8080-exec-5] RETURNING: GetResponse(gotObject=[AccountProfileResponse(profileId=1, userId=1, firstName=asdfasdf, lastName=asdfasfd, email=asdfasd@asdfasfd.com, phoneNumber=123123, address=123asdfasf)])
2022-02-18 01:13:51,625 INFO dLog [http-nio-8080-exec-5] RETURNING: GetResponse(gotObject=[AccountProfileResponse(profileId=1, userId=1, firstName=asdfasdf, lastName=asdfasfd, email=asdfasd@asdfasfd.com, phoneNumber=123123, address=123asdfasf)])
2022-02-18 01:14:27,935 DEBUG dLog [http-nio-8080-exec-7] Class: class com.revature.thevault.presentation.controller.LoginController
Method: findLoginCredential
Arguments: [LoginRequest(username=username, password=password)]
2022-02-18 01:14:27,936 DEBUG dLog [http-nio-8080-exec-7] Class: class com.revature.thevault.service.classes.LoginService
Method: getLoginCredentialFromLogin
Arguments: [LoginRequest(username=username, password=password)]
2022-02-18 01:14:27,937 INFO dLog [http-nio-8080-exec-7] RETURNING: PostResponse(createdObject=[LoginResponseObject(userId=1, username=username, password=password)])
2022-02-18 01:14:27,937 INFO dLog [http-nio-8080-exec-7] RETURNING: PostResponse(createdObject=[LoginResponseObject(userId=1, username=username, password=password)])
2022-02-18 01:14:27,944 DEBUG dLog [http-nio-8080-exec-8] Class: class com.revature.thevault.presentation.controller.AccountProfileController
Method: getProfile
Arguments: [1]
2022-02-18 01:14:27,945 DEBUG dLog [http-nio-8080-exec-8] Class: class com.revature.thevault.service.classes.AccountProfileService
Method: getProfile
Arguments: [AccountProfileRequest(profileId=1)]
2022-02-18 01:14:27,946 INFO dLog [http-nio-8080-exec-8] RETURNING: GetResponse(gotObject=[AccountProfileResponse(profileId=1, userId=1, firstName=asdfasdf, lastName=asdfasfd, email=asdfasd@asdfasfd.com, phoneNumber=123123, address=123asdfasf)])
2022-02-18 01:14:27,946 INFO dLog [http-nio-8080-exec-8] RETURNING: GetResponse(gotObject=[AccountProfileResponse(profileId=1, userId=1, firstName=asdfasdf, lastName=asdfasfd, email=asdfasd@asdfasfd.com, phoneNumber=123123, address=123asdfasf)])
2022-02-18 01:15:07,362 DEBUG dLog [http-nio-8080-exec-10] Class: class com.revature.thevault.presentation.controller.LoginController
Method: findLoginCredential
Arguments: [LoginRequest(username=username, password=password)]
2022-02-18 01:15:07,363 DEBUG dLog [http-nio-8080-exec-10] Class: class com.revature.thevault.service.classes.LoginService
Method: getLoginCredentialFromLogin
Arguments: [LoginRequest(username=username, password=password)]
2022-02-18 01:15:07,364 INFO dLog [http-nio-8080-exec-10] RETURNING: PostResponse(createdObject=[LoginResponseObject(userId=1, username=username, password=password)])
2022-02-18 01:15:07,364 INFO dLog [http-nio-8080-exec-10] RETURNING: PostResponse(createdObject=[LoginResponseObject(userId=1, username=username, password=password)])
2022-02-18 01:15:07,371 DEBUG dLog [http-nio-8080-exec-1] Class: class com.revature.thevault.presentation.controller.AccountProfileController
Method: getProfile
Arguments: [1]
2022-02-18 01:15:07,371 DEBUG dLog [http-nio-8080-exec-1] Class: class com.revature.thevault.service.classes.AccountProfileService
Method: getProfile
Arguments: [AccountProfileRequest(profileId=1)]
2022-02-18 01:15:07,372 INFO dLog [http-nio-8080-exec-1] RETURNING: GetResponse(gotObject=[AccountProfileResponse(profileId=1, userId=1, firstName=asdfasdf, lastName=asdfasfd, email=asdfasd@asdfasfd.com, phoneNumber=123123, address=123asdfasf)])
2022-02-18 01:15:07,372 INFO dLog [http-nio-8080-exec-1] RETURNING: GetResponse(gotObject=[AccountProfileResponse(profileId=1, userId=1, firstName=asdfasdf, lastName=asdfasfd, email=asdfasd@asdfasfd.com, phoneNumber=123123, address=123asdfasf)])
2022-02-18 01:15:07,378 DEBUG dLog [http-nio-8080-exec-2] Class: class com.revature.thevault.presentation.controller.AccountController
Method: getUserAccountList
Arguments: [1]
2022-02-18 01:15:07,379 DEBUG dLog [http-nio-8080-exec-2] Class: class com.revature.thevault.service.classes.AccountService
Method: getAccounts
Arguments: [1]
2022-02-18 01:15:07,381 INFO dLog [http-nio-8080-exec-2] RETURNING: GetResponse(gotObject=[AccountResponseObject(accountId=1, userId=1, accountType=Savings, availableBalance=34.0, pendingBalance=34.0)])
2022-02-18 01:15:07,381 INFO dLog [http-nio-8080-exec-2] RETURNING: GetResponse(gotObject=[AccountResponseObject(accountId=1, userId=1, accountType=Savings, availableBalance=34.0, pendingBalance=34.0)])
2022-02-18 01:17:23,881 DEBUG dLog [http-nio-8080-exec-4] Class: class com.revature.thevault.presentation.controller.LoginController
Method: findLoginCredential
Arguments: [LoginRequest(username=username, password=password)]
2022-02-18 01:17:23,881 DEBUG dLog [http-nio-8080-exec-4] Class: class com.revature.thevault.service.classes.LoginService
Method: getLoginCredentialFromLogin
Arguments: [LoginRequest(username=username, password=password)]
2022-02-18 01:17:23,882 INFO dLog [http-nio-8080-exec-4] RETURNING: PostResponse(createdObject=[LoginResponseObject(userId=1, username=username, password=password)])
2022-02-18 01:17:23,883 INFO dLog [http-nio-8080-exec-4] RETURNING: PostResponse(createdObject=[LoginResponseObject(userId=1, username=username, password=password)])
2022-02-18 01:17:23,892 DEBUG dLog [http-nio-8080-exec-5] Class: class com.revature.thevault.presentation.controller.AccountProfileController
Method: getProfile
Arguments: [1]
2022-02-18 01:17:23,892 DEBUG dLog [http-nio-8080-exec-5] Class: class com.revature.thevault.service.classes.AccountProfileService
Method: getProfile
Arguments: [AccountProfileRequest(profileId=1)]
2022-02-18 01:17:23,894 INFO dLog [http-nio-8080-exec-5] RETURNING: GetResponse(gotObject=[AccountProfileResponse(profileId=1, userId=1, firstName=asdfasdf, lastName=asdfasfd, email=asdfasd@asdfasfd.com, phoneNumber=123123, address=123asdfasf)])
2022-02-18 01:17:23,894 INFO dLog [http-nio-8080-exec-5] RETURNING: GetResponse(gotObject=[AccountProfileResponse(profileId=1, userId=1, firstName=asdfasdf, lastName=asdfasfd, email=asdfasd@asdfasfd.com, phoneNumber=123123, address=123asdfasf)])
2022-02-18 01:17:23,901 DEBUG dLog [http-nio-8080-exec-6] Class: class com.revature.thevault.presentation.controller.AccountController
Method: getUserAccountList
Arguments: [1]
2022-02-18 01:17:23,901 DEBUG dLog [http-nio-8080-exec-6] Class: class com.revature.thevault.service.classes.AccountService
Method: getAccounts
Arguments: [1]
2022-02-18 01:17:23,903 INFO dLog [http-nio-8080-exec-6] RETURNING: GetResponse(gotObject=[AccountResponseObject(accountId=1, userId=1, accountType=Savings, availableBalance=34.0, pendingBalance=34.0)])
2022-02-18 01:17:23,903 INFO dLog [http-nio-8080-exec-6] RETURNING: GetResponse(gotObject=[AccountResponseObject(accountId=1, userId=1, accountType=Savings, availableBalance=34.0, pendingBalance=34.0)])
2022-02-18 01:17:27,090 DEBUG dLog [http-nio-8080-exec-7] Class: class com.revature.thevault.presentation.controller.TransactionController
Method: getTransactionHistory
Arguments: [1]
2022-02-18 01:17:27,091 DEBUG dLog [http-nio-8080-exec-7] Class: class com.revature.thevault.service.classes.TransactionService
Method: getTransactionHistory
Arguments: [1]
2022-02-18 01:17:27,091 DEBUG dLog [http-nio-8080-exec-7] Class: class com.revature.thevault.service.classes.DepositService
Method: getAllUserDeposits
Arguments: [1]
2022-02-18 01:17:27,093 INFO dLog [http-nio-8080-exec-7] RETURNING: GetResponse(gotObject=[DepositResponseObject(depositId=1, accountId=1, depositType=Cheque, reference=asdfasfd, dateDeposit=2022-02-18, amount=34.0)])
2022-02-18 01:17:27,094 DEBUG dLog [http-nio-8080-exec-7] Class: class com.revature.thevault.service.classes.WithdrawService
Method: getAllUserWithdrawals
Arguments: [1]
2022-02-18 01:17:27,094 INFO dLog [http-nio-8080-exec-7] RETURNING: GetResponse(gotObject=[])
2022-02-18 01:17:27,094 INFO dLog [http-nio-8080-exec-7] RETURNING: GetResponse(gotObject=[TransactionObject(transactionId=1, transactionType=Deposit, transactionReference=asdfasfd, date=2022-02-18, amount=34.0)])
2022-02-18 01:17:27,094 INFO dLog [http-nio-8080-exec-7] RETURNING: GetResponse(gotObject=[TransactionObject(transactionId=1, transactionType=Deposit, transactionReference=asdfasfd, date=2022-02-18, amount=34.0)])
